Mai 29, 2013 10:48:24 AM org.apache.catalina.core.AprLifecycleListener init
INFO: The APR based Apache Tomcat Native library which allows optimal performance in production environments was not found on the java.library.path: /Users/kletzi/Library/Java/Extensions:/Library/Java/Extensions:/Network/Library/Java/Extensions:/System/Library/Java/Extensions:/usr/lib/java:.
Mai 29, 2013 10:48:25 AM org.apache.coyote.AbstractProtocol init
INFO: Initializing ProtocolHandler ["http-bio-8080"]
Mai 29, 2013 10:48:25 AM org.apache.coyote.AbstractProtocol init
INFO: Initializing ProtocolHandler ["ajp-bio-8009"]
Mai 29, 2013 10:48:25 AM org.apache.catalina.startup.Catalina load
INFO: Initialization processed in 1954 ms
Mai 29, 2013 10:48:25 AM org.apache.catalina.core.StandardService startInternal
INFO: Starting service Catalina
Mai 29, 2013 10:48:25 AM org.apache.catalina.core.StandardEngine startInternal
INFO: Starting Servlet Engine: Apache Tomcat/7.0.40
Mai 29, 2013 10:48:25 AM org.apache.catalina.startup.HostConfig deployDirectory
INFO: Deploying web application directory /Users/kletzi/Dropbox/TU Wien/NetbeansWorkspace/Web-Engineering/apache-tomcat-7.0.40/webapps/docs
Mai 29, 2013 10:48:26 AM org.apache.catalina.startup.HostConfig deployDirectory
INFO: Deploying web application directory /Users/kletzi/Dropbox/TU Wien/NetbeansWorkspace/Web-Engineering/apache-tomcat-7.0.40/webapps/examples
Mai 29, 2013 10:48:27 AM org.apache.catalina.startup.HostConfig deployDirectory
INFO: Deploying web application directory /Users/kletzi/Dropbox/TU Wien/NetbeansWorkspace/Web-Engineering/apache-tomcat-7.0.40/webapps/host-manager
Mai 29, 2013 10:48:27 AM org.apache.catalina.startup.HostConfig deployDirectory
INFO: Deploying web application directory /Users/kletzi/Dropbox/TU Wien/NetbeansWorkspace/Web-Engineering/apache-tomcat-7.0.40/webapps/manager
Mai 29, 2013 10:48:27 AM org.apache.catalina.startup.HostConfig deployDirectory
INFO: Deploying web application directory /Users/kletzi/Dropbox/TU Wien/NetbeansWorkspace/Web-Engineering/apache-tomcat-7.0.40/webapps/ROOT
Mai 29, 2013 10:48:27 AM org.apache.coyote.AbstractProtocol start
INFO: Starting ProtocolHandler ["http-bio-8080"]
Mai 29, 2013 10:48:27 AM org.apache.coyote.AbstractProtocol start
INFO: Starting ProtocolHandler ["ajp-bio-8009"]
Mai 29, 2013 10:48:27 AM org.apache.catalina.startup.Catalina start
INFO: Server startup in 2309 ms
Mai 29, 2013 10:48:28 AM org.apache.catalina.startup.HostConfig deployDescriptor
INFO: Deploying configuration descriptor /Users/kletzi/Dropbox/TU Wien/NetbeansWorkspace/Web-Engineering/apache-tomcat-7.0.40/conf/Catalina/localhost/lab4.xml
Mai 29, 2013 10:48:34 AM org.apache.myfaces.ee6.MyFacesContainerInitializer onStartup
INFO: Added FacesServlet with mappings=[/faces/*, *.jsf, *.faces]
Mai 29, 2013 10:48:35 AM org.apache.myfaces.config.DefaultFacesConfigurationProvider getStandardFacesConfig
INFO: Reading standard config META-INF/standard-faces-config.xml
Mai 29, 2013 10:48:35 AM org.apache.myfaces.config.LogMetaInfUtils logArtifact
INFO: Artifact 'myfaces-api' was found in version '2.1.11' from path 'file:/Users/kletzi/Dropbox/TU%20Wien/NetbeansWorkspace/Web-Engineering/WebEngineering%20UE4/WE-lab4/target/lab4-1.0-SNAPSHOT/WEB-INF/lib/myfaces-api-2.1.11.jar'
Mai 29, 2013 10:48:35 AM org.apache.myfaces.config.LogMetaInfUtils logArtifact
INFO: Artifact 'myfaces-impl' was found in version '2.1.11' from path 'file:/Users/kletzi/Dropbox/TU%20Wien/NetbeansWorkspace/Web-Engineering/WebEngineering%20UE4/WE-lab4/target/lab4-1.0-SNAPSHOT/WEB-INF/lib/myfaces-impl-2.1.11.jar'
Mai 29, 2013 10:48:35 AM org.apache.myfaces.util.ExternalSpecifications isBeanValidationAvailable
INFO: MyFaces Bean Validation support disabled
Mai 29, 2013 10:48:36 AM org.apache.myfaces.application.ApplicationImpl getProjectStage
INFO: Couldn't discover the current project stage, using Production
Mai 29, 2013 10:48:36 AM org.apache.myfaces.config.FacesConfigurator handleSerialFactory
INFO: Serialization provider : class org.apache.myfaces.shared_impl.util.serial.DefaultSerialFactory
Mai 29, 2013 10:48:36 AM org.apache.myfaces.config.annotation.DefaultLifecycleProviderFactory getLifecycleProvider
INFO: Using LifecycleProvider org.apache.myfaces.config.annotation.Tomcat7AnnotationLifecycleProvider
Mai 29, 2013 10:48:36 AM org.apache.myfaces.webapp.AbstractFacesInitializer initFaces
INFO: ServletContext initialized.
Mai 29, 2013 10:48:36 AM org.apache.myfaces.webapp.WebConfigParamsLogger logWebContextParams
INFO: Tomahawk jar not available. Autoscrolling, DetectJavascript, AddResourceClass and CheckExtensionsFilter are disabled now.
Mai 29, 2013 10:48:36 AM org.apache.myfaces.webapp.WebConfigParamsLogger logWebContextParams
INFO: Scanning for context init parameters not defined. It is not necessary to define them all into your web.xml, they are just provided here for informative purposes. To disable this messages set org.apache.myfaces.LOG_WEB_CONTEXT_PARAMS config param to 'false'
Mai 29, 2013 10:48:36 AM org.apache.myfaces.webapp.WebConfigParamsLogger logWebContextParams
INFO: No context init parameter 'javax.faces.RESOURCE_EXCLUDES' found, using default value '.class .jsp .jspx .properties .xhtml .groovy'.
Mai 29, 2013 10:48:36 AM org.apache.myfaces.webapp.WebConfigParamsLogger logWebContextParams
INFO: No context init parameter 'javax.faces.STATE_SAVING_METHOD' found, using default value 'server'.
Mai 29, 2013 10:48:36 AM org.apache.myfaces.webapp.WebConfigParamsLogger logWebContextParams
INFO: No context init parameter 'javax.faces.FULL_STATE_SAVING_VIEW_IDS' found.
Mai 29, 2013 10:48:36 AM org.apache.myfaces.webapp.WebConfigParamsLogger logWebContextParams
INFO: No context init parameter 'javax.faces.PARTIAL_STATE_SAVING' found, using default value 'true (false with 1.2 webapps)'.
Mai 29, 2013 10:48:36 AM org.apache.myfaces.webapp.WebConfigParamsLogger logWebContextParams
INFO: No context init parameter 'javax.faces.DEFAULT_SUFFIX' found, using default value '.xhtml .view.xml .jsp'.
Mai 29, 2013 10:48:36 AM org.apache.myfaces.webapp.WebConfigParamsLogger logWebContextParams
INFO: No context init parameter 'javax.faces.FACELETS_SUFFIX' found, using default value '.xhtml'.
Mai 29, 2013 10:48:36 AM org.apache.myfaces.webapp.WebConfigParamsLogger logWebContextParams
INFO: No context init parameter 'javax.faces.FACELETS_VIEW_MAPPINGS' found.
Mai 29, 2013 10:48:36 AM org.apache.myfaces.webapp.WebConfigParamsLogger logWebContextParams
INFO: No context init parameter 'javax.faces.HONOR_CURRENT_COMPONENT_ATTRIBUTES' found, using default value 'false'.
Mai 29, 2013 10:48:36 AM org.apache.myfaces.webapp.WebConfigParamsLogger logWebContextParams
INFO: No context init parameter 'javax.faces.VALIDATE_EMPTY_FIELDS' found, using default value 'auto'.
Mai 29, 2013 10:48:36 AM org.apache.myfaces.webapp.WebConfigParamsLogger logWebContextParams
INFO: No context init parameter 'javax.faces.INTERPRET_EMPTY_STRING_SUBMITTED_VALUES_AS_NULL' found, using default value 'false'.
Mai 29, 2013 10:48:36 AM org.apache.myfaces.webapp.WebConfigParamsLogger logWebContextParams
INFO: No context init parameter 'org.apache.myfaces.ENUM_CONVERTER_ALLOW_STRING_PASSTROUGH' found, using default value 'false'.
Mai 29, 2013 10:48:36 AM org.apache.myfaces.webapp.WebConfigParamsLogger logWebContextParams
INFO: No context init parameter 'javax.faces.validator.DISABLE_DEFAULT_BEAN_VALIDATOR' found, using default value 'true'.
Mai 29, 2013 10:48:36 AM org.apache.myfaces.webapp.WebConfigParamsLogger logWebContextParams
INFO: No context init parameter 'javax.faces.CONFIG_FILES' found.
Mai 29, 2013 10:48:36 AM org.apache.myfaces.webapp.WebConfigParamsLogger logWebContextParams
INFO: No context init parameter 'javax.faces.LIFECYCLE_ID' found.
Mai 29, 2013 10:48:36 AM org.apache.myfaces.webapp.WebConfigParamsLogger logWebContextParams
INFO: No context init parameter 'org.apache.myfaces.ERROR_HANDLER' found.
Mai 29, 2013 10:48:36 AM org.apache.myfaces.webapp.WebConfigParamsLogger logWebContextParams
INFO: No context init parameter 'org.apache.myfaces.CHECKED_VIEWID_CACHE_SIZE' found, using default value '500'.
Mai 29, 2013 10:48:36 AM org.apache.myfaces.webapp.WebConfigParamsLogger logWebContextParams
INFO: No context init parameter 'org.apache.myfaces.CHECKED_VIEWID_CACHE_ENABLED' found, using default value 'true'.
Mai 29, 2013 10:48:36 AM org.apache.myfaces.webapp.WebConfigParamsLogger logWebContextParams
INFO: No context init parameter 'org.apache.myfaces.PRETTY_HTML' found, using default value 'true'.
Mai 29, 2013 10:48:36 AM org.apache.myfaces.webapp.WebConfigParamsLogger logWebContextParams
INFO: No context init parameter 'org.apache.myfaces.ALLOW_JAVASCRIPT' found, using default value 'true'.
Mai 29, 2013 10:48:36 AM org.apache.myfaces.webapp.WebConfigParamsLogger logWebContextParams
INFO: No context init parameter 'org.apache.myfaces.CONFIG_REFRESH_PERIOD' found, using default value '2'.
Mai 29, 2013 10:48:36 AM org.apache.myfaces.webapp.WebConfigParamsLogger logWebContextParams
INFO: No context init parameter 'org.apache.myfaces.VIEWSTATE_JAVASCRIPT' found, using default value 'false'.
Mai 29, 2013 10:48:36 AM org.apache.myfaces.webapp.WebConfigParamsLogger logWebContextParams
INFO: No context init parameter 'org.apache.myfaces.RENDER_VIEWSTATE_ID' found, using default value 'true'.
Mai 29, 2013 10:48:36 AM org.apache.myfaces.webapp.WebConfigParamsLogger logWebContextParams
INFO: No context init parameter 'org.apache.myfaces.STRICT_XHTML_LINKS' found, using default value 'true'.
Mai 29, 2013 10:48:36 AM org.apache.myfaces.webapp.WebConfigParamsLogger logWebContextParams
INFO: No context init parameter 'org.apache.myfaces.RENDER_CLEAR_JAVASCRIPT_FOR_BUTTON' found, using default value 'false'.
Mai 29, 2013 10:48:36 AM org.apache.myfaces.webapp.WebConfigParamsLogger logWebContextParams
INFO: No context init parameter 'org.apache.myfaces.RENDER_HIDDEN_FIELDS_FOR_LINK_PARAMS' found, using default value 'false'.
Mai 29, 2013 10:48:36 AM org.apache.myfaces.webapp.WebConfigParamsLogger logWebContextParams
INFO: No context init parameter 'org.apache.myfaces.SAVE_FORM_SUBMIT_LINK_IE' found, using default value 'false'.
Mai 29, 2013 10:48:36 AM org.apache.myfaces.webapp.WebConfigParamsLogger logWebContextParams
INFO: No context init parameter 'org.apache.myfaces.DELEGATE_FACES_SERVLET' found.
Mai 29, 2013 10:48:36 AM org.apache.myfaces.webapp.WebConfigParamsLogger logWebContextParams
INFO: No context init parameter 'org.apache.myfaces.REFRESH_TRANSIENT_BUILD_ON_PSS' found, using default value 'auto'.
Mai 29, 2013 10:48:36 AM org.apache.myfaces.webapp.WebConfigParamsLogger logWebContextParams
INFO: No context init parameter 'org.apache.myfaces.REFRESH_TRANSIENT_BUILD_ON_PSS_PRESERVE_STATE' found, using default value 'false'.
Mai 29, 2013 10:48:36 AM org.apache.myfaces.webapp.WebConfigParamsLogger logWebContextParams
INFO: No context init parameter 'org.apache.myfaces.VALIDATE_XML' found.
Mai 29, 2013 10:48:36 AM org.apache.myfaces.webapp.WebConfigParamsLogger logWebContextParams
INFO: No context init parameter 'org.apache.myfaces.WRAP_SCRIPT_CONTENT_WITH_XML_COMMENT_TAG' found, using default value 'true'.
Mai 29, 2013 10:48:36 AM org.apache.myfaces.webapp.WebConfigParamsLogger logWebContextParams
INFO: No context init parameter 'org.apache.myfaces.RENDER_FORM_SUBMIT_SCRIPT_INLINE' found, using default value 'false'.
Mai 29, 2013 10:48:36 AM org.apache.myfaces.webapp.WebConfigParamsLogger logWebContextParams
INFO: No context init parameter 'org.apache.myfaces.DEBUG_PHASE_LISTENER' found.
Mai 29, 2013 10:48:36 AM org.apache.myfaces.webapp.WebConfigParamsLogger logWebContextParams
INFO: No context init parameter 'org.apache.myfaces.STRICT_JSF_2_REFRESH_TARGET_AJAX' found, using default value 'false'.
Mai 29, 2013 10:48:36 AM org.apache.myfaces.webapp.WebConfigParamsLogger logWebContextParams
INFO: No context init parameter 'org.apache.myfaces.STRICT_JSF_2_CC_EL_RESOLVER' found, using default value 'false'.
Mai 29, 2013 10:48:36 AM org.apache.myfaces.webapp.WebConfigParamsLogger logWebContextParams
INFO: No context init parameter 'org.apache.myfaces.DEFAULT_RESPONSE_WRITER_CONTENT_TYPE_MODE' found, using default value 'text/html'.
Mai 29, 2013 10:48:36 AM org.apache.myfaces.webapp.WebConfigParamsLogger logWebContextParams
INFO: No context init parameter 'org.apache.myfaces.VIEW_UNIQUE_IDS_CACHE_ENABLED' found, using default value 'false'.
Mai 29, 2013 10:48:36 AM org.apache.myfaces.webapp.WebConfigParamsLogger logWebContextParams
INFO: No context init parameter 'org.apache.myfaces.COMPONENT_UNIQUE_IDS_CACHE_SIZE' found, using default value '100'.
Mai 29, 2013 10:48:36 AM org.apache.myfaces.webapp.WebConfigParamsLogger logWebContextParams
INFO: No context init parameter 'org.apache.myfaces.SUPPORT_JSP_AND_FACES_EL' found, using default value 'true'.
Mai 29, 2013 10:48:36 AM org.apache.myfaces.webapp.WebConfigParamsLogger logWebContextParams
INFO: No context init parameter 'org.apache.myfaces.GAE_JSF_JAR_FILES' found.
Mai 29, 2013 10:48:36 AM org.apache.myfaces.webapp.WebConfigParamsLogger logWebContextParams
INFO: No context init parameter 'org.apache.myfaces.GAE_JSF_ANNOTATIONS_JAR_FILES' found.
Mai 29, 2013 10:48:36 AM org.apache.myfaces.webapp.WebConfigParamsLogger logWebContextParams
INFO: No context init parameter 'org.apache.myfaces.FLASH_SCOPE_DISABLED' found, using default value 'false'.
Mai 29, 2013 10:48:36 AM org.apache.myfaces.webapp.WebConfigParamsLogger logWebContextParams
INFO: No context init parameter 'org.apache.myfaces.RESOURCE_MAX_TIME_EXPIRES' found, using default value '604800000'.
Mai 29, 2013 10:48:36 AM org.apache.myfaces.webapp.WebConfigParamsLogger logWebContextParams
INFO: No context init parameter 'org.apache.myfaces.RESOURCE_HANDLER_CACHE_SIZE' found, using default value '500'.
Mai 29, 2013 10:48:36 AM org.apache.myfaces.webapp.WebConfigParamsLogger logWebContextParams
INFO: No context init parameter 'org.apache.myfaces.RESOURCE_HANDLER_CACHE_ENABLED' found, using default value 'true'.
Mai 29, 2013 10:48:36 AM org.apache.myfaces.webapp.WebConfigParamsLogger logWebContextParams
INFO: No context init parameter 'org.apache.myfaces.USE_ENCRYPTION' found, using default value 'true'.
Mai 29, 2013 10:48:36 AM org.apache.myfaces.webapp.WebConfigParamsLogger logWebContextParams
INFO: No context init parameter 'org.apache.myfaces.SECRET' found.
Mai 29, 2013 10:48:36 AM org.apache.myfaces.webapp.WebConfigParamsLogger logWebContextParams
INFO: No context init parameter 'org.apache.myfaces.ALGORITHM' found, using default value 'DES'.
Mai 29, 2013 10:48:36 AM org.apache.myfaces.webapp.WebConfigParamsLogger logWebContextParams
INFO: No context init parameter 'org.apache.myfaces.SECRET.CACHE' found.
Mai 29, 2013 10:48:36 AM org.apache.myfaces.webapp.WebConfigParamsLogger logWebContextParams
INFO: No context init parameter 'org.apache.myfaces.ALGORITHM.IV' found.
Mai 29, 2013 10:48:36 AM org.apache.myfaces.webapp.WebConfigParamsLogger logWebContextParams
INFO: No context init parameter 'org.apache.myfaces.ALGORITHM.PARAMETERS' found, using default value 'ECB/PKCS5Padding'.
Mai 29, 2013 10:48:36 AM org.apache.myfaces.webapp.WebConfigParamsLogger logWebContextParams
INFO: No context init parameter 'org.apache.myfaces.SERIAL_FACTORY' found.
Mai 29, 2013 10:48:36 AM org.apache.myfaces.webapp.WebConfigParamsLogger logWebContextParams
INFO: No context init parameter 'org.apache.myfaces.COMPRESS_STATE_IN_CLIENT' found, using default value 'false'.
Mai 29, 2013 10:48:36 AM org.apache.myfaces.webapp.WebConfigParamsLogger logWebContextParams
INFO: No context init parameter 'org.apache.myfaces.MAC_ALGORITHM' found, using default value 'HmacSHA1'.
Mai 29, 2013 10:48:36 AM org.apache.myfaces.webapp.WebConfigParamsLogger logWebContextParams
INFO: No context init parameter 'org.apache.myfaces.MAC_SECRET' found.
Mai 29, 2013 10:48:36 AM org.apache.myfaces.webapp.WebConfigParamsLogger logWebContextParams
INFO: No context init parameter 'org.apache.myfaces.MAC_SECRET.CACHE' found.
Mai 29, 2013 10:48:36 AM org.apache.myfaces.webapp.WebConfigParamsLogger logWebContextParams
INFO: No context init parameter 'javax.faces.DATETIMECONVERTER_DEFAULT_TIMEZONE_IS_SYSTEM_TIMEZONE' found, using default value 'false'.
Mai 29, 2013 10:48:36 AM org.apache.myfaces.webapp.WebConfigParamsLogger logWebContextParams
INFO: No context init parameter 'javax.faces.PROJECT_STAGE' found, using default value 'Production'.
Mai 29, 2013 10:48:36 AM org.apache.myfaces.webapp.WebConfigParamsLogger logWebContextParams
INFO: No context init parameter 'org.apache.myfaces.LAZY_LOAD_CONFIG_OBJECTS' found, using default value 'true'.
Mai 29, 2013 10:48:36 AM org.apache.myfaces.webapp.WebConfigParamsLogger logWebContextParams
INFO: No context init parameter 'org.apache.myfaces.STRICT_JSF_2_ALLOW_SLASH_LIBRARY_NAME' found, using default value 'false'.
Mai 29, 2013 10:48:36 AM org.apache.myfaces.webapp.WebConfigParamsLogger logWebContextParams
INFO: No context init parameter 'org.apache.myfaces.RESOURCE_BUFFER_SIZE' found, using default value '2048'.
Mai 29, 2013 10:48:36 AM org.apache.myfaces.webapp.WebConfigParamsLogger logWebContextParams
INFO: No context init parameter 'org.apache.myfaces.CLIENT_VIEW_STATE_TIMEOUT' found, using default value '0'.
Mai 29, 2013 10:48:36 AM org.apache.myfaces.webapp.WebConfigParamsLogger logWebContextParams
INFO: No context init parameter 'org.apache.myfaces.NUMBER_OF_VIEWS_IN_SESSION' found, using default value '20'.
Mai 29, 2013 10:48:36 AM org.apache.myfaces.webapp.WebConfigParamsLogger logWebContextParams
INFO: No context init parameter 'org.apache.myfaces.NUMBER_OF_SEQUENTIAL_VIEWS_IN_SESSION' found.
Mai 29, 2013 10:48:36 AM org.apache.myfaces.webapp.WebConfigParamsLogger logWebContextParams
INFO: No context init parameter 'org.apache.myfaces.SERIALIZE_STATE_IN_SESSION' found, using default value 'true'.
Mai 29, 2013 10:48:36 AM org.apache.myfaces.webapp.WebConfigParamsLogger logWebContextParams
INFO: No context init parameter 'org.apache.myfaces.COMPRESS_STATE_IN_SESSION' found, using default value 'true'.
Mai 29, 2013 10:48:36 AM org.apache.myfaces.webapp.WebConfigParamsLogger logWebContextParams
INFO: No context init parameter 'org.apache.myfaces.CACHE_OLD_VIEWS_IN_SESSION_MODE' found, using default value 'off'.
Mai 29, 2013 10:48:36 AM org.apache.myfaces.webapp.WebConfigParamsLogger logWebContextParams
INFO: No context init parameter 'org.apache.myfaces.USE_FLASH_SCOPE_PURGE_VIEWS_IN_SESSION' found, using default value 'false'.
Mai 29, 2013 10:48:36 AM org.apache.myfaces.webapp.WebConfigParamsLogger logWebContextParams
INFO: No context init parameter 'org.apache.myfaces.RANDOM_KEY_IN_VIEW_STATE_SESSION_TOKEN' found, using default value 'none'.
Mai 29, 2013 10:48:36 AM org.apache.myfaces.webapp.WebConfigParamsLogger logWebContextParams
INFO: No context init parameter 'org.apache.myfaces.RANDOM_KEY_IN_VIEW_STATE_SESSION_TOKEN_LENGTH' found, using default value '8'.
Mai 29, 2013 10:48:36 AM org.apache.myfaces.webapp.WebConfigParamsLogger logWebContextParams
INFO: No context init parameter 'org.apache.myfaces.RANDOM_KEY_IN_VIEW_STATE_SESSION_TOKEN_SECURE_RANDOM_CLASS' found.
Mai 29, 2013 10:48:36 AM org.apache.myfaces.webapp.WebConfigParamsLogger logWebContextParams
INFO: No context init parameter 'org.apache.myfaces.RANDOM_KEY_IN_VIEW_STATE_SESSION_TOKEN_SECURE_RANDOM_PROVIDER' found.
Mai 29, 2013 10:48:36 AM org.apache.myfaces.webapp.WebConfigParamsLogger logWebContextParams
INFO: No context init parameter 'org.apache.myfaces.RANDOM_KEY_IN_VIEW_STATE_SESSION_TOKEN_SECURE_RANDOM_ALGORITM' found, using default value 'SHA1PRNG'.
Mai 29, 2013 10:48:36 AM org.apache.myfaces.webapp.WebConfigParamsLogger logWebContextParams
INFO: No context init parameter 'org.apache.myfaces.VALIDATE' found, using default value 'false'.
Mai 29, 2013 10:48:36 AM org.apache.myfaces.webapp.WebConfigParamsLogger logWebContextParams
INFO: No context init parameter 'org.apache.myfaces.annotation.SCAN_PACKAGES' found.
Mai 29, 2013 10:48:36 AM org.apache.myfaces.webapp.WebConfigParamsLogger logWebContextParams
INFO: No context init parameter 'org.apache.myfaces.config.annotation.LifecycleProvider' found.
Mai 29, 2013 10:48:36 AM org.apache.myfaces.webapp.WebConfigParamsLogger logWebContextParams
INFO: No context init parameter 'org.apache.myfaces.EL_RESOLVER_COMPARATOR' found.
Mai 29, 2013 10:48:36 AM org.apache.myfaces.webapp.WebConfigParamsLogger logWebContextParams
INFO: No context init parameter 'org.apache.myfaces.EL_RESOLVER_PREDICATE' found.
Mai 29, 2013 10:48:36 AM org.apache.myfaces.webapp.WebConfigParamsLogger logWebContextParams
INFO: No context init parameter 'org.apache.myfaces.CHECKED_VIEWID_CACHE_SIZE' found, using default value '500'.
Mai 29, 2013 10:48:36 AM org.apache.myfaces.webapp.WebConfigParamsLogger logWebContextParams
INFO: No context init parameter 'org.apache.myfaces.CHECKED_VIEWID_CACHE_ENABLED' found, using default value 'true'.
Mai 29, 2013 10:48:36 AM org.apache.myfaces.webapp.WebConfigParamsLogger logWebContextParams
INFO: No context init parameter 'org.apache.myfaces.ERROR_TEMPLATE_RESOURCE' found, using default value 'META-INF/rsc/myfaces-dev-error.xml'.
Mai 29, 2013 10:48:36 AM org.apache.myfaces.webapp.WebConfigParamsLogger logWebContextParams
INFO: No context init parameter 'org.apache.myfaces.DEBUG_TEMPLATE_RESOURCE' found, using default value 'META-INF/rsc/myfaces-dev-debug.xml'.
Mai 29, 2013 10:48:36 AM org.apache.myfaces.webapp.WebConfigParamsLogger logWebContextParams
INFO: No context init parameter 'org.apache.myfaces.ERROR_HANDLING' found, using default value 'false, on Development Project stage: true'.
Mai 29, 2013 10:48:36 AM org.apache.myfaces.webapp.WebConfigParamsLogger logWebContextParams
INFO: No context init parameter 'org.apache.myfaces.HANDLE_STATE_CACHING_MECHANICS' found, using default value 'true'.
Mai 29, 2013 10:48:36 AM org.apache.myfaces.webapp.WebConfigParamsLogger logWebContextParams
INFO: No context init parameter 'org.apache.myfaces.USE_MULTIPLE_JS_FILES_FOR_JSF_UNCOMPRESSED_JS' found, using default value 'false'.
Mai 29, 2013 10:48:36 AM org.apache.myfaces.webapp.WebConfigParamsLogger logWebContextParams
INFO: No context init parameter 'org.apache.myfaces.JSF_JS_MODE' found, using default value 'normal'.
Mai 29, 2013 10:48:36 AM org.apache.myfaces.webapp.WebConfigParamsLogger logWebContextParams
INFO: No context init parameter 'org.apache.myfaces.TEMPORAL_RESOURCEHANDLER_CACHE_ENABLED' found, using default value 'false'.
Mai 29, 2013 10:48:36 AM org.apache.myfaces.webapp.WebConfigParamsLogger logWebContextParams
INFO: No context init parameter 'org.apache.myfaces.SERVICE_PROVIDER_FINDER' found.
Mai 29, 2013 10:48:36 AM org.apache.myfaces.webapp.WebConfigParamsLogger logWebContextParams
INFO: No context init parameter 'javax.faces.DISABLE_FACELET_JSF_VIEWHANDLER' found, using default value 'false'.
Mai 29, 2013 10:48:36 AM org.apache.myfaces.webapp.WebConfigParamsLogger logWebContextParams
INFO: No context init parameter 'org.apache.myfaces.SAVE_STATE_WITH_VISIT_TREE_ON_PSS' found, using default value 'true'.
Mai 29, 2013 10:48:36 AM org.apache.myfaces.webapp.WebConfigParamsLogger logWebContextParams
INFO: No context init parameter 'org.apache.myfaces.CHECK_ID_PRODUCTION_MODE' found, using default value 'auto'.
Mai 29, 2013 10:48:36 AM org.apache.myfaces.webapp.WebConfigParamsLogger logWebContextParams
INFO: No context init parameter 'javax.faces.FACELETS_BUFFER_SIZE' found.
Mai 29, 2013 10:48:36 AM org.apache.myfaces.webapp.WebConfigParamsLogger logWebContextParams
INFO: No context init parameter 'facelets.BUFFER_SIZE' found.
Mai 29, 2013 10:48:36 AM org.apache.myfaces.webapp.WebConfigParamsLogger logWebContextParams
INFO: No context init parameter 'javax.faces.FACELETS_DECORATORS' found.
Mai 29, 2013 10:48:36 AM org.apache.myfaces.webapp.WebConfigParamsLogger logWebContextParams
INFO: No context init parameter 'facelets.DECORATORS' found.
Mai 29, 2013 10:48:36 AM org.apache.myfaces.webapp.WebConfigParamsLogger logWebContextParams
INFO: No context init parameter 'javax.faces.FACELETS_LIBRARIES' found.
Mai 29, 2013 10:48:36 AM org.apache.myfaces.webapp.WebConfigParamsLogger logWebContextParams
INFO: No context init parameter 'facelets.LIBRARIES' found.
Mai 29, 2013 10:48:36 AM org.apache.myfaces.webapp.WebConfigParamsLogger logWebContextParams
INFO: No context init parameter 'javax.faces.FACELETS_REFRESH_PERIOD' found, using default value '-1'.
Mai 29, 2013 10:48:36 AM org.apache.myfaces.webapp.WebConfigParamsLogger logWebContextParams
INFO: No context init parameter 'facelets.REFRESH_PERIOD' found, using default value '-1'.
Mai 29, 2013 10:48:36 AM org.apache.myfaces.webapp.WebConfigParamsLogger logWebContextParams
INFO: No context init parameter 'javax.faces.FACELETS_RESOURCE_RESOLVER' found.
Mai 29, 2013 10:48:36 AM org.apache.myfaces.webapp.WebConfigParamsLogger logWebContextParams
INFO: No context init parameter 'facelets.RESOURCE_RESOLVER' found.
Mai 29, 2013 10:48:36 AM org.apache.myfaces.webapp.WebConfigParamsLogger logWebContextParams
INFO: No context init parameter 'javax.faces.FACELETS_SKIP_COMMENTS' found.
Mai 29, 2013 10:48:36 AM org.apache.myfaces.webapp.WebConfigParamsLogger logWebContextParams
INFO: No context init parameter 'facelets.SKIP_COMMENTS' found.
Mai 29, 2013 10:48:36 AM org.apache.myfaces.webapp.WebConfigParamsLogger logWebContextParams
INFO: No context init parameter 'org.apache.myfaces.MARK_INITIAL_STATE_WHEN_APPLY_BUILD_VIEW' found, using default value 'false'.
Mai 29, 2013 10:48:36 AM org.apache.myfaces.webapp.WebConfigParamsLogger logWebContextParams
INFO: No context init parameter 'org.apache.myfaces.WRAP_TAG_EXCEPTIONS_AS_CONTEXT_AWARE' found, using default value 'true'.
Mai 29, 2013 10:48:36 AM org.apache.myfaces.webapp.WebConfigParamsLogger logWebContextParams
INFO: No context init parameter 'org.apache.myfaces.CACHE_EL_EXPRESSIONS' found, using default value 'noCache'.
Mai 29, 2013 10:48:36 AM org.apache.myfaces.webapp.WebConfigParamsLogger logWebContextParams
INFO: No context init parameter 'org.apache.myfaces.EXPRESSION_FACTORY' found.
Mai 29, 2013 10:48:36 AM org.apache.myfaces.webapp.WebConfigParamsLogger logWebContextParams
INFO: No context init parameter 'org.apache.myfaces.INITIALIZE_ALWAYS_STANDALONE' found, using default value 'false'.
Mai 29, 2013 10:48:36 AM org.apache.myfaces.webapp.WebConfigParamsLogger logWebContextParams
INFO: No context init parameter 'org.apache.myfaces.LOG_WEB_CONTEXT_PARAMS' found, using default value 'auto'.
Mai 29, 2013 10:48:36 AM org.apache.myfaces.webapp.WebConfigParamsLogger logWebContextParams
INFO: No context init parameter 'org.apache.myfaces.FACES_INITIALIZER' found.
Mai 29, 2013 10:48:36 AM org.apache.myfaces.webapp.WebConfigParamsLogger logWebContextParams
INFO: No context init parameter 'org.apache.myfaces.FACES_INIT_PLUGINS' found.
Mai 29, 2013 10:48:36 AM org.apache.myfaces.util.ExternalSpecifications isUnifiedELAvailable
INFO: MyFaces Unified EL support enabled
Mai 29, 2013 10:48:36 AM org.apache.catalina.util.LifecycleBase start
INFO: The start() method was called on component [StandardEngine[Catalina].StandardHost[localhost].StandardContext[/lab4]] after start() had already been called. The second call will be ignored.
Mai 29, 2013 10:49:12 AM org.apache.catalina.core.StandardServer await
INFO: A valid shutdown command was received via the shutdown port. Stopping the Server instance.
Mai 29, 2013 10:49:12 AM org.apache.coyote.AbstractProtocol pause
INFO: Pausing ProtocolHandler ["http-bio-8080"]
Mai 29, 2013 10:49:12 AM org.apache.coyote.AbstractProtocol pause
INFO: Pausing ProtocolHandler ["ajp-bio-8009"]
Mai 29, 2013 10:49:12 AM org.apache.catalina.core.StandardService stopInternal
INFO: Stopping service Catalina
Mai 29, 2013 10:49:12 AM org.apache.catalina.loader.WebappClassLoader clearReferencesJdbc
SEVERE: The web application [/lab4] registered the JDBC driver [org.h2.Driver] but failed to unregister it when the web application was stopped. To prevent a memory leak, the JDBC Driver has been forcibly unregistered.
Mai 29, 2013 10:49:13 AM org.apache.coyote.AbstractProtocol stop
INFO: Stopping ProtocolHandler ["http-bio-8080"]
Mai 29, 2013 10:49:13 AM org.apache.coyote.AbstractProtocol stop
INFO: Stopping ProtocolHandler ["ajp-bio-8009"]
Mai 29, 2013 10:49:13 AM org.apache.coyote.AbstractProtocol destroy
INFO: Destroying ProtocolHandler ["http-bio-8080"]
Mai 29, 2013 10:49:13 AM org.apache.coyote.AbstractProtocol destroy
INFO: Destroying ProtocolHandler ["ajp-bio-8009"]
