Jun 02, 2013 3:03:54 PM org.apache.catalina.core.AprLifecycleListener init
INFO: The APR based Apache Tomcat Native library which allows optimal performance in production environments was not found on the java.library.path: /Users/kletzi/Library/Java/Extensions:/Library/Java/Extensions:/Network/Library/Java/Extensions:/System/Library/Java/Extensions:/usr/lib/java:.
Jun 02, 2013 3:03:55 PM org.apache.coyote.AbstractProtocol init
INFO: Initializing ProtocolHandler ["http-bio-8080"]
Jun 02, 2013 3:03:55 PM org.apache.coyote.AbstractProtocol init
INFO: Initializing ProtocolHandler ["ajp-bio-8009"]
Jun 02, 2013 3:03:55 PM org.apache.catalina.startup.Catalina load
INFO: Initialization processed in 2874 ms
Jun 02, 2013 3:03:55 PM org.apache.catalina.core.StandardService startInternal
INFO: Starting service Catalina
Jun 02, 2013 3:03:55 PM org.apache.catalina.core.StandardEngine startInternal
INFO: Starting Servlet Engine: Apache Tomcat/7.0.40
Jun 02, 2013 3:03:56 PM org.apache.catalina.startup.HostConfig deployDescriptor
INFO: Deploying configuration descriptor /Users/kletzi/Dropbox/TU Wien/NetbeansWorkspace/Web-Engineering/apache-tomcat-7.0.40/conf/Catalina/localhost/lab4.xml
Jun 02, 2013 3:04:06 PM org.apache.myfaces.config.DefaultFacesConfigurationProvider getStandardFacesConfig
INFO: Reading standard config META-INF/standard-faces-config.xml
Jun 02, 2013 3:04:06 PM org.apache.myfaces.config.DefaultFacesConfigurationProvider getWebAppFacesConfig
INFO: Reading config /WEB-INF/faces-config.xml
Jun 02, 2013 3:04:07 PM org.apache.myfaces.config.LogMetaInfUtils logArtifact
INFO: Artifact 'myfaces-api' was found in version '2.1.11' from path 'file:/Users/kletzi/Dropbox/TU%20Wien/NetbeansWorkspace/Web-Engineering/WebEngineering%20UE4/WE-lab4/target/lab4-1.0-SNAPSHOT/WEB-INF/lib/myfaces-api-2.1.11.jar'
Jun 02, 2013 3:04:07 PM org.apache.myfaces.config.LogMetaInfUtils logArtifact
INFO: Artifact 'myfaces-impl' was found in version '2.1.11' from path 'file:/Users/kletzi/Dropbox/TU%20Wien/NetbeansWorkspace/Web-Engineering/WebEngineering%20UE4/WE-lab4/target/lab4-1.0-SNAPSHOT/WEB-INF/lib/myfaces-impl-2.1.11.jar'
Jun 02, 2013 3:04:07 PM org.apache.myfaces.util.ExternalSpecifications isBeanValidationAvailable
INFO: MyFaces Bean Validation support disabled
Jun 02, 2013 3:04:07 PM org.apache.myfaces.application.ApplicationImpl getProjectStage
INFO: Couldn't discover the current project stage, using Production
Jun 02, 2013 3:04:07 PM org.apache.myfaces.config.FacesConfigurator handleSerialFactory
INFO: Serialization provider : class org.apache.myfaces.shared_impl.util.serial.DefaultSerialFactory
Jun 02, 2013 3:04:07 PM org.apache.myfaces.config.annotation.DefaultLifecycleProviderFactory getLifecycleProvider
INFO: Using LifecycleProvider org.apache.myfaces.config.annotation.Tomcat7AnnotationLifecycleProvider
Jun 02, 2013 3:04:07 PM org.apache.myfaces.webapp.AbstractFacesInitializer initFaces
INFO: ServletContext initialized.
Jun 02, 2013 3:04:07 PM org.apache.myfaces.webapp.WebConfigParamsLogger logWebContextParams
INFO: Tomahawk jar not available. Autoscrolling, DetectJavascript, AddResourceClass and CheckExtensionsFilter are disabled now.
Jun 02, 2013 3:04:07 PM org.apache.myfaces.webapp.WebConfigParamsLogger logWebContextParams
INFO: Scanning for context init parameters not defined. It is not necessary to define them all into your web.xml, they are just provided here for informative purposes. To disable this messages set org.apache.myfaces.LOG_WEB_CONTEXT_PARAMS config param to 'false'
Jun 02, 2013 3:04:07 PM org.apache.myfaces.webapp.WebConfigParamsLogger logWebContextParams
INFO: No context init parameter 'javax.faces.RESOURCE_EXCLUDES' found, using default value '.class .jsp .jspx .properties .xhtml .groovy'.
Jun 02, 2013 3:04:07 PM org.apache.myfaces.webapp.WebConfigParamsLogger logWebContextParams
INFO: No context init parameter 'javax.faces.STATE_SAVING_METHOD' found, using default value 'server'.
Jun 02, 2013 3:04:07 PM org.apache.myfaces.webapp.WebConfigParamsLogger logWebContextParams
INFO: No context init parameter 'javax.faces.FULL_STATE_SAVING_VIEW_IDS' found.
Jun 02, 2013 3:04:07 PM org.apache.myfaces.webapp.WebConfigParamsLogger logWebContextParams
INFO: No context init parameter 'javax.faces.PARTIAL_STATE_SAVING' found, using default value 'true (false with 1.2 webapps)'.
Jun 02, 2013 3:04:07 PM org.apache.myfaces.webapp.WebConfigParamsLogger logWebContextParams
INFO: No context init parameter 'javax.faces.DEFAULT_SUFFIX' found, using default value '.xhtml .view.xml .jsp'.
Jun 02, 2013 3:04:07 PM org.apache.myfaces.webapp.WebConfigParamsLogger logWebContextParams
INFO: No context init parameter 'javax.faces.FACELETS_SUFFIX' found, using default value '.xhtml'.
Jun 02, 2013 3:04:07 PM org.apache.myfaces.webapp.WebConfigParamsLogger logWebContextParams
INFO: No context init parameter 'javax.faces.FACELETS_VIEW_MAPPINGS' found.
Jun 02, 2013 3:04:07 PM org.apache.myfaces.webapp.WebConfigParamsLogger logWebContextParams
INFO: No context init parameter 'javax.faces.HONOR_CURRENT_COMPONENT_ATTRIBUTES' found, using default value 'false'.
Jun 02, 2013 3:04:07 PM org.apache.myfaces.webapp.WebConfigParamsLogger logWebContextParams
INFO: No context init parameter 'javax.faces.VALIDATE_EMPTY_FIELDS' found, using default value 'auto'.
Jun 02, 2013 3:04:07 PM org.apache.myfaces.webapp.WebConfigParamsLogger logWebContextParams
INFO: No context init parameter 'javax.faces.INTERPRET_EMPTY_STRING_SUBMITTED_VALUES_AS_NULL' found, using default value 'false'.
Jun 02, 2013 3:04:07 PM org.apache.myfaces.webapp.WebConfigParamsLogger logWebContextParams
INFO: No context init parameter 'org.apache.myfaces.ENUM_CONVERTER_ALLOW_STRING_PASSTROUGH' found, using default value 'false'.
Jun 02, 2013 3:04:07 PM org.apache.myfaces.webapp.WebConfigParamsLogger logWebContextParams
INFO: No context init parameter 'javax.faces.validator.DISABLE_DEFAULT_BEAN_VALIDATOR' found, using default value 'true'.
Jun 02, 2013 3:04:07 PM org.apache.myfaces.webapp.WebConfigParamsLogger logWebContextParams
INFO: No context init parameter 'javax.faces.CONFIG_FILES' found.
Jun 02, 2013 3:04:07 PM org.apache.myfaces.webapp.WebConfigParamsLogger logWebContextParams
INFO: No context init parameter 'javax.faces.LIFECYCLE_ID' found.
Jun 02, 2013 3:04:07 PM org.apache.myfaces.webapp.WebConfigParamsLogger logWebContextParams
INFO: No context init parameter 'org.apache.myfaces.ERROR_HANDLER' found.
Jun 02, 2013 3:04:07 PM org.apache.myfaces.webapp.WebConfigParamsLogger logWebContextParams
INFO: No context init parameter 'org.apache.myfaces.CHECKED_VIEWID_CACHE_SIZE' found, using default value '500'.
Jun 02, 2013 3:04:07 PM org.apache.myfaces.webapp.WebConfigParamsLogger logWebContextParams
INFO: No context init parameter 'org.apache.myfaces.CHECKED_VIEWID_CACHE_ENABLED' found, using default value 'true'.
Jun 02, 2013 3:04:07 PM org.apache.myfaces.webapp.WebConfigParamsLogger logWebContextParams
INFO: No context init parameter 'org.apache.myfaces.PRETTY_HTML' found, using default value 'true'.
Jun 02, 2013 3:04:07 PM org.apache.myfaces.webapp.WebConfigParamsLogger logWebContextParams
INFO: No context init parameter 'org.apache.myfaces.ALLOW_JAVASCRIPT' found, using default value 'true'.
Jun 02, 2013 3:04:07 PM org.apache.myfaces.webapp.WebConfigParamsLogger logWebContextParams
INFO: No context init parameter 'org.apache.myfaces.CONFIG_REFRESH_PERIOD' found, using default value '2'.
Jun 02, 2013 3:04:07 PM org.apache.myfaces.webapp.WebConfigParamsLogger logWebContextParams
INFO: No context init parameter 'org.apache.myfaces.VIEWSTATE_JAVASCRIPT' found, using default value 'false'.
Jun 02, 2013 3:04:07 PM org.apache.myfaces.webapp.WebConfigParamsLogger logWebContextParams
INFO: No context init parameter 'org.apache.myfaces.RENDER_VIEWSTATE_ID' found, using default value 'true'.
Jun 02, 2013 3:04:07 PM org.apache.myfaces.webapp.WebConfigParamsLogger logWebContextParams
INFO: No context init parameter 'org.apache.myfaces.STRICT_XHTML_LINKS' found, using default value 'true'.
Jun 02, 2013 3:04:07 PM org.apache.myfaces.webapp.WebConfigParamsLogger logWebContextParams
INFO: No context init parameter 'org.apache.myfaces.RENDER_CLEAR_JAVASCRIPT_FOR_BUTTON' found, using default value 'false'.
Jun 02, 2013 3:04:07 PM org.apache.myfaces.webapp.WebConfigParamsLogger logWebContextParams
INFO: No context init parameter 'org.apache.myfaces.RENDER_HIDDEN_FIELDS_FOR_LINK_PARAMS' found, using default value 'false'.
Jun 02, 2013 3:04:07 PM org.apache.myfaces.webapp.WebConfigParamsLogger logWebContextParams
INFO: No context init parameter 'org.apache.myfaces.SAVE_FORM_SUBMIT_LINK_IE' found, using default value 'false'.
Jun 02, 2013 3:04:07 PM org.apache.myfaces.webapp.WebConfigParamsLogger logWebContextParams
INFO: No context init parameter 'org.apache.myfaces.DELEGATE_FACES_SERVLET' found.
Jun 02, 2013 3:04:07 PM org.apache.myfaces.webapp.WebConfigParamsLogger logWebContextParams
INFO: No context init parameter 'org.apache.myfaces.REFRESH_TRANSIENT_BUILD_ON_PSS' found, using default value 'auto'.
Jun 02, 2013 3:04:07 PM org.apache.myfaces.webapp.WebConfigParamsLogger logWebContextParams
INFO: No context init parameter 'org.apache.myfaces.REFRESH_TRANSIENT_BUILD_ON_PSS_PRESERVE_STATE' found, using default value 'false'.
Jun 02, 2013 3:04:07 PM org.apache.myfaces.webapp.WebConfigParamsLogger logWebContextParams
INFO: No context init parameter 'org.apache.myfaces.VALIDATE_XML' found.
Jun 02, 2013 3:04:07 PM org.apache.myfaces.webapp.WebConfigParamsLogger logWebContextParams
INFO: No context init parameter 'org.apache.myfaces.WRAP_SCRIPT_CONTENT_WITH_XML_COMMENT_TAG' found, using default value 'true'.
Jun 02, 2013 3:04:07 PM org.apache.myfaces.webapp.WebConfigParamsLogger logWebContextParams
INFO: No context init parameter 'org.apache.myfaces.RENDER_FORM_SUBMIT_SCRIPT_INLINE' found, using default value 'false'.
Jun 02, 2013 3:04:07 PM org.apache.myfaces.webapp.WebConfigParamsLogger logWebContextParams
INFO: No context init parameter 'org.apache.myfaces.DEBUG_PHASE_LISTENER' found.
Jun 02, 2013 3:04:07 PM org.apache.myfaces.webapp.WebConfigParamsLogger logWebContextParams
INFO: No context init parameter 'org.apache.myfaces.STRICT_JSF_2_REFRESH_TARGET_AJAX' found, using default value 'false'.
Jun 02, 2013 3:04:07 PM org.apache.myfaces.webapp.WebConfigParamsLogger logWebContextParams
INFO: No context init parameter 'org.apache.myfaces.STRICT_JSF_2_CC_EL_RESOLVER' found, using default value 'false'.
Jun 02, 2013 3:04:07 PM org.apache.myfaces.webapp.WebConfigParamsLogger logWebContextParams
INFO: No context init parameter 'org.apache.myfaces.DEFAULT_RESPONSE_WRITER_CONTENT_TYPE_MODE' found, using default value 'text/html'.
Jun 02, 2013 3:04:07 PM org.apache.myfaces.webapp.WebConfigParamsLogger logWebContextParams
INFO: No context init parameter 'org.apache.myfaces.VIEW_UNIQUE_IDS_CACHE_ENABLED' found, using default value 'false'.
Jun 02, 2013 3:04:07 PM org.apache.myfaces.webapp.WebConfigParamsLogger logWebContextParams
INFO: No context init parameter 'org.apache.myfaces.COMPONENT_UNIQUE_IDS_CACHE_SIZE' found, using default value '100'.
Jun 02, 2013 3:04:07 PM org.apache.myfaces.webapp.WebConfigParamsLogger logWebContextParams
INFO: No context init parameter 'org.apache.myfaces.SUPPORT_JSP_AND_FACES_EL' found, using default value 'true'.
Jun 02, 2013 3:04:07 PM org.apache.myfaces.webapp.WebConfigParamsLogger logWebContextParams
INFO: No context init parameter 'org.apache.myfaces.GAE_JSF_JAR_FILES' found.
Jun 02, 2013 3:04:07 PM org.apache.myfaces.webapp.WebConfigParamsLogger logWebContextParams
INFO: No context init parameter 'org.apache.myfaces.GAE_JSF_ANNOTATIONS_JAR_FILES' found.
Jun 02, 2013 3:04:07 PM org.apache.myfaces.webapp.WebConfigParamsLogger logWebContextParams
INFO: No context init parameter 'org.apache.myfaces.FLASH_SCOPE_DISABLED' found, using default value 'false'.
Jun 02, 2013 3:04:07 PM org.apache.myfaces.webapp.WebConfigParamsLogger logWebContextParams
INFO: No context init parameter 'org.apache.myfaces.RESOURCE_MAX_TIME_EXPIRES' found, using default value '604800000'.
Jun 02, 2013 3:04:07 PM org.apache.myfaces.webapp.WebConfigParamsLogger logWebContextParams
INFO: No context init parameter 'org.apache.myfaces.RESOURCE_HANDLER_CACHE_SIZE' found, using default value '500'.
Jun 02, 2013 3:04:07 PM org.apache.myfaces.webapp.WebConfigParamsLogger logWebContextParams
INFO: No context init parameter 'org.apache.myfaces.RESOURCE_HANDLER_CACHE_ENABLED' found, using default value 'true'.
Jun 02, 2013 3:04:07 PM org.apache.myfaces.webapp.WebConfigParamsLogger logWebContextParams
INFO: No context init parameter 'org.apache.myfaces.USE_ENCRYPTION' found, using default value 'true'.
Jun 02, 2013 3:04:07 PM org.apache.myfaces.webapp.WebConfigParamsLogger logWebContextParams
INFO: No context init parameter 'org.apache.myfaces.SECRET' found.
Jun 02, 2013 3:04:07 PM org.apache.myfaces.webapp.WebConfigParamsLogger logWebContextParams
INFO: No context init parameter 'org.apache.myfaces.ALGORITHM' found, using default value 'DES'.
Jun 02, 2013 3:04:07 PM org.apache.myfaces.webapp.WebConfigParamsLogger logWebContextParams
INFO: No context init parameter 'org.apache.myfaces.SECRET.CACHE' found.
Jun 02, 2013 3:04:07 PM org.apache.myfaces.webapp.WebConfigParamsLogger logWebContextParams
INFO: No context init parameter 'org.apache.myfaces.ALGORITHM.IV' found.
Jun 02, 2013 3:04:07 PM org.apache.myfaces.webapp.WebConfigParamsLogger logWebContextParams
INFO: No context init parameter 'org.apache.myfaces.ALGORITHM.PARAMETERS' found, using default value 'ECB/PKCS5Padding'.
Jun 02, 2013 3:04:07 PM org.apache.myfaces.webapp.WebConfigParamsLogger logWebContextParams
INFO: No context init parameter 'org.apache.myfaces.SERIAL_FACTORY' found.
Jun 02, 2013 3:04:07 PM org.apache.myfaces.webapp.WebConfigParamsLogger logWebContextParams
INFO: No context init parameter 'org.apache.myfaces.COMPRESS_STATE_IN_CLIENT' found, using default value 'false'.
Jun 02, 2013 3:04:07 PM org.apache.myfaces.webapp.WebConfigParamsLogger logWebContextParams
INFO: No context init parameter 'org.apache.myfaces.MAC_ALGORITHM' found, using default value 'HmacSHA1'.
Jun 02, 2013 3:04:07 PM org.apache.myfaces.webapp.WebConfigParamsLogger logWebContextParams
INFO: No context init parameter 'org.apache.myfaces.MAC_SECRET' found.
Jun 02, 2013 3:04:07 PM org.apache.myfaces.webapp.WebConfigParamsLogger logWebContextParams
INFO: No context init parameter 'org.apache.myfaces.MAC_SECRET.CACHE' found.
Jun 02, 2013 3:04:07 PM org.apache.myfaces.webapp.WebConfigParamsLogger logWebContextParams
INFO: No context init parameter 'javax.faces.DATETIMECONVERTER_DEFAULT_TIMEZONE_IS_SYSTEM_TIMEZONE' found, using default value 'false'.
Jun 02, 2013 3:04:07 PM org.apache.myfaces.webapp.WebConfigParamsLogger logWebContextParams
INFO: No context init parameter 'javax.faces.PROJECT_STAGE' found, using default value 'Production'.
Jun 02, 2013 3:04:07 PM org.apache.myfaces.webapp.WebConfigParamsLogger logWebContextParams
INFO: No context init parameter 'org.apache.myfaces.LAZY_LOAD_CONFIG_OBJECTS' found, using default value 'true'.
Jun 02, 2013 3:04:07 PM org.apache.myfaces.webapp.WebConfigParamsLogger logWebContextParams
INFO: No context init parameter 'org.apache.myfaces.STRICT_JSF_2_ALLOW_SLASH_LIBRARY_NAME' found, using default value 'false'.
Jun 02, 2013 3:04:07 PM org.apache.myfaces.webapp.WebConfigParamsLogger logWebContextParams
INFO: No context init parameter 'org.apache.myfaces.RESOURCE_BUFFER_SIZE' found, using default value '2048'.
Jun 02, 2013 3:04:07 PM org.apache.myfaces.webapp.WebConfigParamsLogger logWebContextParams
INFO: No context init parameter 'org.apache.myfaces.CLIENT_VIEW_STATE_TIMEOUT' found, using default value '0'.
Jun 02, 2013 3:04:07 PM org.apache.myfaces.webapp.WebConfigParamsLogger logWebContextParams
INFO: No context init parameter 'org.apache.myfaces.NUMBER_OF_VIEWS_IN_SESSION' found, using default value '20'.
Jun 02, 2013 3:04:07 PM org.apache.myfaces.webapp.WebConfigParamsLogger logWebContextParams
INFO: No context init parameter 'org.apache.myfaces.NUMBER_OF_SEQUENTIAL_VIEWS_IN_SESSION' found.
Jun 02, 2013 3:04:07 PM org.apache.myfaces.webapp.WebConfigParamsLogger logWebContextParams
INFO: No context init parameter 'org.apache.myfaces.COMPRESS_STATE_IN_SESSION' found, using default value 'true'.
Jun 02, 2013 3:04:07 PM org.apache.myfaces.webapp.WebConfigParamsLogger logWebContextParams
INFO: No context init parameter 'org.apache.myfaces.CACHE_OLD_VIEWS_IN_SESSION_MODE' found, using default value 'off'.
Jun 02, 2013 3:04:07 PM org.apache.myfaces.webapp.WebConfigParamsLogger logWebContextParams
INFO: No context init parameter 'org.apache.myfaces.USE_FLASH_SCOPE_PURGE_VIEWS_IN_SESSION' found, using default value 'false'.
Jun 02, 2013 3:04:07 PM org.apache.myfaces.webapp.WebConfigParamsLogger logWebContextParams
INFO: No context init parameter 'org.apache.myfaces.RANDOM_KEY_IN_VIEW_STATE_SESSION_TOKEN' found, using default value 'none'.
Jun 02, 2013 3:04:07 PM org.apache.myfaces.webapp.WebConfigParamsLogger logWebContextParams
INFO: No context init parameter 'org.apache.myfaces.RANDOM_KEY_IN_VIEW_STATE_SESSION_TOKEN_LENGTH' found, using default value '8'.
Jun 02, 2013 3:04:07 PM org.apache.myfaces.webapp.WebConfigParamsLogger logWebContextParams
INFO: No context init parameter 'org.apache.myfaces.RANDOM_KEY_IN_VIEW_STATE_SESSION_TOKEN_SECURE_RANDOM_CLASS' found.
Jun 02, 2013 3:04:07 PM org.apache.myfaces.webapp.WebConfigParamsLogger logWebContextParams
INFO: No context init parameter 'org.apache.myfaces.RANDOM_KEY_IN_VIEW_STATE_SESSION_TOKEN_SECURE_RANDOM_PROVIDER' found.
Jun 02, 2013 3:04:07 PM org.apache.myfaces.webapp.WebConfigParamsLogger logWebContextParams
INFO: No context init parameter 'org.apache.myfaces.RANDOM_KEY_IN_VIEW_STATE_SESSION_TOKEN_SECURE_RANDOM_ALGORITM' found, using default value 'SHA1PRNG'.
Jun 02, 2013 3:04:07 PM org.apache.myfaces.webapp.WebConfigParamsLogger logWebContextParams
INFO: No context init parameter 'org.apache.myfaces.VALIDATE' found, using default value 'false'.
Jun 02, 2013 3:04:07 PM org.apache.myfaces.webapp.WebConfigParamsLogger logWebContextParams
INFO: No context init parameter 'org.apache.myfaces.annotation.SCAN_PACKAGES' found.
Jun 02, 2013 3:04:07 PM org.apache.myfaces.webapp.WebConfigParamsLogger logWebContextParams
INFO: No context init parameter 'org.apache.myfaces.config.annotation.LifecycleProvider' found.
Jun 02, 2013 3:04:07 PM org.apache.myfaces.webapp.WebConfigParamsLogger logWebContextParams
INFO: No context init parameter 'org.apache.myfaces.EL_RESOLVER_COMPARATOR' found.
Jun 02, 2013 3:04:07 PM org.apache.myfaces.webapp.WebConfigParamsLogger logWebContextParams
INFO: No context init parameter 'org.apache.myfaces.EL_RESOLVER_PREDICATE' found.
Jun 02, 2013 3:04:07 PM org.apache.myfaces.webapp.WebConfigParamsLogger logWebContextParams
INFO: No context init parameter 'org.apache.myfaces.CHECKED_VIEWID_CACHE_SIZE' found, using default value '500'.
Jun 02, 2013 3:04:07 PM org.apache.myfaces.webapp.WebConfigParamsLogger logWebContextParams
INFO: No context init parameter 'org.apache.myfaces.CHECKED_VIEWID_CACHE_ENABLED' found, using default value 'true'.
Jun 02, 2013 3:04:07 PM org.apache.myfaces.webapp.WebConfigParamsLogger logWebContextParams
INFO: No context init parameter 'org.apache.myfaces.ERROR_TEMPLATE_RESOURCE' found, using default value 'META-INF/rsc/myfaces-dev-error.xml'.
Jun 02, 2013 3:04:07 PM org.apache.myfaces.webapp.WebConfigParamsLogger logWebContextParams
INFO: No context init parameter 'org.apache.myfaces.DEBUG_TEMPLATE_RESOURCE' found, using default value 'META-INF/rsc/myfaces-dev-debug.xml'.
Jun 02, 2013 3:04:07 PM org.apache.myfaces.webapp.WebConfigParamsLogger logWebContextParams
INFO: No context init parameter 'org.apache.myfaces.ERROR_HANDLING' found, using default value 'false, on Development Project stage: true'.
Jun 02, 2013 3:04:07 PM org.apache.myfaces.webapp.WebConfigParamsLogger logWebContextParams
INFO: No context init parameter 'org.apache.myfaces.HANDLE_STATE_CACHING_MECHANICS' found, using default value 'true'.
Jun 02, 2013 3:04:07 PM org.apache.myfaces.webapp.WebConfigParamsLogger logWebContextParams
INFO: No context init parameter 'org.apache.myfaces.USE_MULTIPLE_JS_FILES_FOR_JSF_UNCOMPRESSED_JS' found, using default value 'false'.
Jun 02, 2013 3:04:07 PM org.apache.myfaces.webapp.WebConfigParamsLogger logWebContextParams
INFO: No context init parameter 'org.apache.myfaces.JSF_JS_MODE' found, using default value 'normal'.
Jun 02, 2013 3:04:07 PM org.apache.myfaces.webapp.WebConfigParamsLogger logWebContextParams
INFO: No context init parameter 'org.apache.myfaces.TEMPORAL_RESOURCEHANDLER_CACHE_ENABLED' found, using default value 'false'.
Jun 02, 2013 3:04:07 PM org.apache.myfaces.webapp.WebConfigParamsLogger logWebContextParams
INFO: No context init parameter 'org.apache.myfaces.SERVICE_PROVIDER_FINDER' found.
Jun 02, 2013 3:04:07 PM org.apache.myfaces.webapp.WebConfigParamsLogger logWebContextParams
INFO: No context init parameter 'javax.faces.DISABLE_FACELET_JSF_VIEWHANDLER' found, using default value 'false'.
Jun 02, 2013 3:04:07 PM org.apache.myfaces.webapp.WebConfigParamsLogger logWebContextParams
INFO: No context init parameter 'org.apache.myfaces.SAVE_STATE_WITH_VISIT_TREE_ON_PSS' found, using default value 'true'.
Jun 02, 2013 3:04:07 PM org.apache.myfaces.webapp.WebConfigParamsLogger logWebContextParams
INFO: No context init parameter 'org.apache.myfaces.CHECK_ID_PRODUCTION_MODE' found, using default value 'auto'.
Jun 02, 2013 3:04:07 PM org.apache.myfaces.webapp.WebConfigParamsLogger logWebContextParams
INFO: No context init parameter 'javax.faces.FACELETS_BUFFER_SIZE' found.
Jun 02, 2013 3:04:08 PM org.apache.myfaces.webapp.WebConfigParamsLogger logWebContextParams
INFO: No context init parameter 'facelets.BUFFER_SIZE' found.
Jun 02, 2013 3:04:08 PM org.apache.myfaces.webapp.WebConfigParamsLogger logWebContextParams
INFO: No context init parameter 'javax.faces.FACELETS_DECORATORS' found.
Jun 02, 2013 3:04:08 PM org.apache.myfaces.webapp.WebConfigParamsLogger logWebContextParams
INFO: No context init parameter 'facelets.DECORATORS' found.
Jun 02, 2013 3:04:08 PM org.apache.myfaces.webapp.WebConfigParamsLogger logWebContextParams
INFO: No context init parameter 'javax.faces.FACELETS_LIBRARIES' found.
Jun 02, 2013 3:04:08 PM org.apache.myfaces.webapp.WebConfigParamsLogger logWebContextParams
INFO: No context init parameter 'facelets.LIBRARIES' found.
Jun 02, 2013 3:04:08 PM org.apache.myfaces.webapp.WebConfigParamsLogger logWebContextParams
INFO: No context init parameter 'javax.faces.FACELETS_REFRESH_PERIOD' found, using default value '-1'.
Jun 02, 2013 3:04:08 PM org.apache.myfaces.webapp.WebConfigParamsLogger logWebContextParams
INFO: No context init parameter 'facelets.REFRESH_PERIOD' found, using default value '-1'.
Jun 02, 2013 3:04:08 PM org.apache.myfaces.webapp.WebConfigParamsLogger logWebContextParams
INFO: No context init parameter 'javax.faces.FACELETS_RESOURCE_RESOLVER' found.
Jun 02, 2013 3:04:08 PM org.apache.myfaces.webapp.WebConfigParamsLogger logWebContextParams
INFO: No context init parameter 'facelets.RESOURCE_RESOLVER' found.
Jun 02, 2013 3:04:08 PM org.apache.myfaces.webapp.WebConfigParamsLogger logWebContextParams
INFO: No context init parameter 'javax.faces.FACELETS_SKIP_COMMENTS' found.
Jun 02, 2013 3:04:08 PM org.apache.myfaces.webapp.WebConfigParamsLogger logWebContextParams
INFO: No context init parameter 'facelets.SKIP_COMMENTS' found.
Jun 02, 2013 3:04:08 PM org.apache.myfaces.webapp.WebConfigParamsLogger logWebContextParams
INFO: No context init parameter 'org.apache.myfaces.MARK_INITIAL_STATE_WHEN_APPLY_BUILD_VIEW' found, using default value 'false'.
Jun 02, 2013 3:04:08 PM org.apache.myfaces.webapp.WebConfigParamsLogger logWebContextParams
INFO: No context init parameter 'org.apache.myfaces.WRAP_TAG_EXCEPTIONS_AS_CONTEXT_AWARE' found, using default value 'true'.
Jun 02, 2013 3:04:08 PM org.apache.myfaces.webapp.WebConfigParamsLogger logWebContextParams
INFO: No context init parameter 'org.apache.myfaces.CACHE_EL_EXPRESSIONS' found, using default value 'noCache'.
Jun 02, 2013 3:04:08 PM org.apache.myfaces.webapp.WebConfigParamsLogger logWebContextParams
INFO: No context init parameter 'org.apache.myfaces.EXPRESSION_FACTORY' found.
Jun 02, 2013 3:04:08 PM org.apache.myfaces.webapp.WebConfigParamsLogger logWebContextParams
INFO: No context init parameter 'org.apache.myfaces.INITIALIZE_ALWAYS_STANDALONE' found, using default value 'false'.
Jun 02, 2013 3:04:08 PM org.apache.myfaces.webapp.WebConfigParamsLogger logWebContextParams
INFO: No context init parameter 'org.apache.myfaces.LOG_WEB_CONTEXT_PARAMS' found, using default value 'auto'.
Jun 02, 2013 3:04:08 PM org.apache.myfaces.webapp.WebConfigParamsLogger logWebContextParams
INFO: No context init parameter 'org.apache.myfaces.FACES_INITIALIZER' found.
Jun 02, 2013 3:04:08 PM org.apache.myfaces.webapp.WebConfigParamsLogger logWebContextParams
INFO: No context init parameter 'org.apache.myfaces.FACES_INIT_PLUGINS' found.
Jun 02, 2013 3:04:08 PM org.apache.myfaces.util.ExternalSpecifications isUnifiedELAvailable
INFO: MyFaces Unified EL support enabled
Jun 02, 2013 3:04:08 PM org.apache.catalina.session.StandardManager startInternal
SEVERE: Exception loading sessions from persistent storage
org.hibernate.HibernateException: registry does not contain entity manager factory: lab4
	at org.hibernate.ejb.internal.EntityManagerFactoryRegistry.getNamedEntityManagerFactory(EntityManagerFactoryRegistry.java:140)
	at org.hibernate.ejb.EntityManagerFactoryImpl.getNamedEntityManagerFactory(EntityManagerFactoryImpl.java:257)
	at org.hibernate.ejb.EntityManagerFactoryImpl.readResolve(EntityManagerFactoryImpl.java:281)
	at sun.reflect.NativeMethodAccessorImpl.invoke0(Native Method)
	at sun.reflect.NativeMethodAccessorImpl.invoke(NativeMethodAccessorImpl.java:57)
	at sun.reflect.DelegatingMethodAccessorImpl.invoke(DelegatingMethodAccessorImpl.java:43)
	at java.lang.reflect.Method.invoke(Method.java:601)
	at java.io.ObjectStreamClass.invokeReadResolve(ObjectStreamClass.java:1091)
	at java.io.ObjectInputStream.readOrdinaryObject(ObjectInputStream.java:1805)
	at java.io.ObjectInputStream.readObject0(ObjectInputStream.java:1348)
	at java.io.ObjectInputStream.defaultReadFields(ObjectInputStream.java:1989)
	at java.io.ObjectInputStream.defaultReadObject(ObjectInputStream.java:499)
	at org.hibernate.ejb.AbstractEntityManagerImpl.readObject(AbstractEntityManagerImpl.java:1267)
	at sun.reflect.NativeMethodAccessorImpl.invoke0(Native Method)
	at sun.reflect.NativeMethodAccessorImpl.invoke(NativeMethodAccessorImpl.java:57)
	at sun.reflect.DelegatingMethodAccessorImpl.invoke(DelegatingMethodAccessorImpl.java:43)
	at java.lang.reflect.Method.invoke(Method.java:601)
	at java.io.ObjectStreamClass.invokeReadObject(ObjectStreamClass.java:1004)
	at java.io.ObjectInputStream.readSerialData(ObjectInputStream.java:1891)
	at java.io.ObjectInputStream.readOrdinaryObject(ObjectInputStream.java:1796)
	at java.io.ObjectInputStream.readObject0(ObjectInputStream.java:1348)
	at java.io.ObjectInputStream.defaultReadFields(ObjectInputStream.java:1989)
	at java.io.ObjectInputStream.readSerialData(ObjectInputStream.java:1913)
	at java.io.ObjectInputStream.readOrdinaryObject(ObjectInputStream.java:1796)
	at java.io.ObjectInputStream.readObject0(ObjectInputStream.java:1348)
	at java.io.ObjectInputStream.defaultReadFields(ObjectInputStream.java:1989)
	at java.io.ObjectInputStream.readSerialData(ObjectInputStream.java:1913)
	at java.io.ObjectInputStream.readOrdinaryObject(ObjectInputStream.java:1796)
	at java.io.ObjectInputStream.readObject0(ObjectInputStream.java:1348)
	at java.io.ObjectInputStream.readObject(ObjectInputStream.java:370)
	at org.apache.catalina.session.StandardSession.readObject(StandardSession.java:1595)
	at org.apache.catalina.session.StandardSession.readObjectData(StandardSession.java:1060)
	at org.apache.catalina.session.StandardManager.doLoad(StandardManager.java:284)
	at org.apache.catalina.session.StandardManager.load(StandardManager.java:204)
	at org.apache.catalina.session.StandardManager.startInternal(StandardManager.java:491)
	at org.apache.catalina.util.LifecycleBase.start(LifecycleBase.java:150)
	at org.apache.catalina.core.StandardContext.startInternal(StandardContext.java:5390)
	at org.apache.catalina.util.LifecycleBase.start(LifecycleBase.java:150)
	at org.apache.catalina.core.ContainerBase.addChildInternal(ContainerBase.java:901)
	at org.apache.catalina.core.ContainerBase.addChild(ContainerBase.java:877)
	at org.apache.catalina.core.StandardHost.addChild(StandardHost.java:633)
	at org.apache.catalina.startup.HostConfig.deployDescriptor(HostConfig.java:657)
	at org.apache.catalina.startup.HostConfig$DeployDescriptor.run(HostConfig.java:1636)
	at java.util.concurrent.Executors$RunnableAdapter.call(Executors.java:471)
	at java.util.concurrent.FutureTask$Sync.innerRun(FutureTask.java:334)
	at java.util.concurrent.FutureTask.run(FutureTask.java:166)
	at java.util.concurrent.ThreadPoolExecutor.runWorker(ThreadPoolExecutor.java:1145)
	at java.util.concurrent.ThreadPoolExecutor$Worker.run(ThreadPoolExecutor.java:615)
	at java.lang.Thread.run(Thread.java:722)

Jun 02, 2013 3:04:08 PM org.apache.catalina.startup.HostConfig deployDirectory
INFO: Deploying web application directory /Users/kletzi/Dropbox/TU Wien/NetbeansWorkspace/Web-Engineering/apache-tomcat-7.0.40/webapps/docs
Jun 02, 2013 3:04:08 PM org.apache.catalina.startup.HostConfig deployDirectory
INFO: Deploying web application directory /Users/kletzi/Dropbox/TU Wien/NetbeansWorkspace/Web-Engineering/apache-tomcat-7.0.40/webapps/examples
Jun 02, 2013 3:04:09 PM org.apache.catalina.startup.HostConfig deployDirectory
INFO: Deploying web application directory /Users/kletzi/Dropbox/TU Wien/NetbeansWorkspace/Web-Engineering/apache-tomcat-7.0.40/webapps/host-manager
Jun 02, 2013 3:04:09 PM org.apache.catalina.startup.HostConfig deployDirectory
INFO: Deploying web application directory /Users/kletzi/Dropbox/TU Wien/NetbeansWorkspace/Web-Engineering/apache-tomcat-7.0.40/webapps/manager
Jun 02, 2013 3:04:09 PM org.apache.catalina.startup.HostConfig deployDirectory
INFO: Deploying web application directory /Users/kletzi/Dropbox/TU Wien/NetbeansWorkspace/Web-Engineering/apache-tomcat-7.0.40/webapps/ROOT
Jun 02, 2013 3:04:09 PM org.apache.coyote.AbstractProtocol start
INFO: Starting ProtocolHandler ["http-bio-8080"]
Jun 02, 2013 3:04:09 PM org.apache.coyote.AbstractProtocol start
INFO: Starting ProtocolHandler ["ajp-bio-8009"]
Jun 02, 2013 3:04:09 PM org.apache.catalina.startup.Catalina start
INFO: Server startup in 13973 ms
Jun 02, 2013 3:04:11 PM org.apache.catalina.loader.WebappClassLoader clearReferencesJdbc
SEVERE: The web application [/lab4] registered the JDBC driver [org.h2.Driver] but failed to unregister it when the web application was stopped. To prevent a memory leak, the JDBC Driver has been forcibly unregistered.
Jun 02, 2013 3:04:12 PM org.apache.catalina.startup.HostConfig deleteRedeployResources
INFO: Undeploying context [/lab4]
Jun 02, 2013 3:04:12 PM org.apache.catalina.startup.HostConfig deployDescriptor
INFO: Deploying configuration descriptor /Users/kletzi/Dropbox/TU Wien/NetbeansWorkspace/Web-Engineering/apache-tomcat-7.0.40/conf/Catalina/localhost/lab4.xml
Jun 02, 2013 3:04:18 PM org.apache.myfaces.config.DefaultFacesConfigurationProvider getStandardFacesConfig
INFO: Reading standard config META-INF/standard-faces-config.xml
Jun 02, 2013 3:04:18 PM org.apache.myfaces.config.DefaultFacesConfigurationProvider getWebAppFacesConfig
INFO: Reading config /WEB-INF/faces-config.xml
Jun 02, 2013 3:04:19 PM org.apache.myfaces.config.LogMetaInfUtils logArtifact
INFO: Artifact 'myfaces-api' was found in version '2.1.11' from path 'file:/Users/kletzi/Dropbox/TU%20Wien/NetbeansWorkspace/Web-Engineering/WebEngineering%20UE4/WE-lab4/target/lab4-1.0-SNAPSHOT/WEB-INF/lib/myfaces-api-2.1.11.jar'
Jun 02, 2013 3:04:19 PM org.apache.myfaces.config.LogMetaInfUtils logArtifact
INFO: Artifact 'myfaces-impl' was found in version '2.1.11' from path 'file:/Users/kletzi/Dropbox/TU%20Wien/NetbeansWorkspace/Web-Engineering/WebEngineering%20UE4/WE-lab4/target/lab4-1.0-SNAPSHOT/WEB-INF/lib/myfaces-impl-2.1.11.jar'
Jun 02, 2013 3:04:19 PM org.apache.myfaces.util.ExternalSpecifications isBeanValidationAvailable
INFO: MyFaces Bean Validation support disabled
Jun 02, 2013 3:04:19 PM org.apache.myfaces.application.ApplicationImpl getProjectStage
INFO: Couldn't discover the current project stage, using Production
Jun 02, 2013 3:04:19 PM org.apache.myfaces.config.FacesConfigurator handleSerialFactory
INFO: Serialization provider : class org.apache.myfaces.shared_impl.util.serial.DefaultSerialFactory
Jun 02, 2013 3:04:19 PM org.apache.myfaces.config.annotation.DefaultLifecycleProviderFactory getLifecycleProvider
INFO: Using LifecycleProvider org.apache.myfaces.config.annotation.Tomcat7AnnotationLifecycleProvider
Jun 02, 2013 3:04:19 PM org.apache.myfaces.webapp.AbstractFacesInitializer initFaces
INFO: ServletContext initialized.
Jun 02, 2013 3:04:19 PM org.apache.myfaces.webapp.WebConfigParamsLogger logWebContextParams
INFO: Tomahawk jar not available. Autoscrolling, DetectJavascript, AddResourceClass and CheckExtensionsFilter are disabled now.
Jun 02, 2013 3:04:19 PM org.apache.myfaces.webapp.WebConfigParamsLogger logWebContextParams
INFO: Scanning for context init parameters not defined. It is not necessary to define them all into your web.xml, they are just provided here for informative purposes. To disable this messages set org.apache.myfaces.LOG_WEB_CONTEXT_PARAMS config param to 'false'
Jun 02, 2013 3:04:19 PM org.apache.myfaces.webapp.WebConfigParamsLogger logWebContextParams
INFO: No context init parameter 'javax.faces.RESOURCE_EXCLUDES' found, using default value '.class .jsp .jspx .properties .xhtml .groovy'.
Jun 02, 2013 3:04:19 PM org.apache.myfaces.webapp.WebConfigParamsLogger logWebContextParams
INFO: No context init parameter 'javax.faces.STATE_SAVING_METHOD' found, using default value 'server'.
Jun 02, 2013 3:04:19 PM org.apache.myfaces.webapp.WebConfigParamsLogger logWebContextParams
INFO: No context init parameter 'javax.faces.FULL_STATE_SAVING_VIEW_IDS' found.
Jun 02, 2013 3:04:19 PM org.apache.myfaces.webapp.WebConfigParamsLogger logWebContextParams
INFO: No context init parameter 'javax.faces.PARTIAL_STATE_SAVING' found, using default value 'true (false with 1.2 webapps)'.
Jun 02, 2013 3:04:19 PM org.apache.myfaces.webapp.WebConfigParamsLogger logWebContextParams
INFO: No context init parameter 'javax.faces.DEFAULT_SUFFIX' found, using default value '.xhtml .view.xml .jsp'.
Jun 02, 2013 3:04:19 PM org.apache.myfaces.webapp.WebConfigParamsLogger logWebContextParams
INFO: No context init parameter 'javax.faces.FACELETS_SUFFIX' found, using default value '.xhtml'.
Jun 02, 2013 3:04:19 PM org.apache.myfaces.webapp.WebConfigParamsLogger logWebContextParams
INFO: No context init parameter 'javax.faces.FACELETS_VIEW_MAPPINGS' found.
Jun 02, 2013 3:04:19 PM org.apache.myfaces.webapp.WebConfigParamsLogger logWebContextParams
INFO: No context init parameter 'javax.faces.HONOR_CURRENT_COMPONENT_ATTRIBUTES' found, using default value 'false'.
Jun 02, 2013 3:04:19 PM org.apache.myfaces.webapp.WebConfigParamsLogger logWebContextParams
INFO: No context init parameter 'javax.faces.VALIDATE_EMPTY_FIELDS' found, using default value 'auto'.
Jun 02, 2013 3:04:19 PM org.apache.myfaces.webapp.WebConfigParamsLogger logWebContextParams
INFO: No context init parameter 'javax.faces.INTERPRET_EMPTY_STRING_SUBMITTED_VALUES_AS_NULL' found, using default value 'false'.
Jun 02, 2013 3:04:19 PM org.apache.myfaces.webapp.WebConfigParamsLogger logWebContextParams
INFO: No context init parameter 'org.apache.myfaces.ENUM_CONVERTER_ALLOW_STRING_PASSTROUGH' found, using default value 'false'.
Jun 02, 2013 3:04:19 PM org.apache.myfaces.webapp.WebConfigParamsLogger logWebContextParams
INFO: No context init parameter 'javax.faces.validator.DISABLE_DEFAULT_BEAN_VALIDATOR' found, using default value 'true'.
Jun 02, 2013 3:04:19 PM org.apache.myfaces.webapp.WebConfigParamsLogger logWebContextParams
INFO: No context init parameter 'javax.faces.CONFIG_FILES' found.
Jun 02, 2013 3:04:19 PM org.apache.myfaces.webapp.WebConfigParamsLogger logWebContextParams
INFO: No context init parameter 'javax.faces.LIFECYCLE_ID' found.
Jun 02, 2013 3:04:19 PM org.apache.myfaces.webapp.WebConfigParamsLogger logWebContextParams
INFO: No context init parameter 'org.apache.myfaces.ERROR_HANDLER' found.
Jun 02, 2013 3:04:19 PM org.apache.myfaces.webapp.WebConfigParamsLogger logWebContextParams
INFO: No context init parameter 'org.apache.myfaces.CHECKED_VIEWID_CACHE_SIZE' found, using default value '500'.
Jun 02, 2013 3:04:19 PM org.apache.myfaces.webapp.WebConfigParamsLogger logWebContextParams
INFO: No context init parameter 'org.apache.myfaces.CHECKED_VIEWID_CACHE_ENABLED' found, using default value 'true'.
Jun 02, 2013 3:04:19 PM org.apache.myfaces.webapp.WebConfigParamsLogger logWebContextParams
INFO: No context init parameter 'org.apache.myfaces.PRETTY_HTML' found, using default value 'true'.
Jun 02, 2013 3:04:19 PM org.apache.myfaces.webapp.WebConfigParamsLogger logWebContextParams
INFO: No context init parameter 'org.apache.myfaces.ALLOW_JAVASCRIPT' found, using default value 'true'.
Jun 02, 2013 3:04:19 PM org.apache.myfaces.webapp.WebConfigParamsLogger logWebContextParams
INFO: No context init parameter 'org.apache.myfaces.CONFIG_REFRESH_PERIOD' found, using default value '2'.
Jun 02, 2013 3:04:19 PM org.apache.myfaces.webapp.WebConfigParamsLogger logWebContextParams
INFO: No context init parameter 'org.apache.myfaces.VIEWSTATE_JAVASCRIPT' found, using default value 'false'.
Jun 02, 2013 3:04:19 PM org.apache.myfaces.webapp.WebConfigParamsLogger logWebContextParams
INFO: No context init parameter 'org.apache.myfaces.RENDER_VIEWSTATE_ID' found, using default value 'true'.
Jun 02, 2013 3:04:19 PM org.apache.myfaces.webapp.WebConfigParamsLogger logWebContextParams
INFO: No context init parameter 'org.apache.myfaces.STRICT_XHTML_LINKS' found, using default value 'true'.
Jun 02, 2013 3:04:19 PM org.apache.myfaces.webapp.WebConfigParamsLogger logWebContextParams
INFO: No context init parameter 'org.apache.myfaces.RENDER_CLEAR_JAVASCRIPT_FOR_BUTTON' found, using default value 'false'.
Jun 02, 2013 3:04:19 PM org.apache.myfaces.webapp.WebConfigParamsLogger logWebContextParams
INFO: No context init parameter 'org.apache.myfaces.RENDER_HIDDEN_FIELDS_FOR_LINK_PARAMS' found, using default value 'false'.
Jun 02, 2013 3:04:19 PM org.apache.myfaces.webapp.WebConfigParamsLogger logWebContextParams
INFO: No context init parameter 'org.apache.myfaces.SAVE_FORM_SUBMIT_LINK_IE' found, using default value 'false'.
Jun 02, 2013 3:04:19 PM org.apache.myfaces.webapp.WebConfigParamsLogger logWebContextParams
INFO: No context init parameter 'org.apache.myfaces.DELEGATE_FACES_SERVLET' found.
Jun 02, 2013 3:04:19 PM org.apache.myfaces.webapp.WebConfigParamsLogger logWebContextParams
INFO: No context init parameter 'org.apache.myfaces.REFRESH_TRANSIENT_BUILD_ON_PSS' found, using default value 'auto'.
Jun 02, 2013 3:04:19 PM org.apache.myfaces.webapp.WebConfigParamsLogger logWebContextParams
INFO: No context init parameter 'org.apache.myfaces.REFRESH_TRANSIENT_BUILD_ON_PSS_PRESERVE_STATE' found, using default value 'false'.
Jun 02, 2013 3:04:19 PM org.apache.myfaces.webapp.WebConfigParamsLogger logWebContextParams
INFO: No context init parameter 'org.apache.myfaces.VALIDATE_XML' found.
Jun 02, 2013 3:04:19 PM org.apache.myfaces.webapp.WebConfigParamsLogger logWebContextParams
INFO: No context init parameter 'org.apache.myfaces.WRAP_SCRIPT_CONTENT_WITH_XML_COMMENT_TAG' found, using default value 'true'.
Jun 02, 2013 3:04:19 PM org.apache.myfaces.webapp.WebConfigParamsLogger logWebContextParams
INFO: No context init parameter 'org.apache.myfaces.RENDER_FORM_SUBMIT_SCRIPT_INLINE' found, using default value 'false'.
Jun 02, 2013 3:04:19 PM org.apache.myfaces.webapp.WebConfigParamsLogger logWebContextParams
INFO: No context init parameter 'org.apache.myfaces.DEBUG_PHASE_LISTENER' found.
Jun 02, 2013 3:04:19 PM org.apache.myfaces.webapp.WebConfigParamsLogger logWebContextParams
INFO: No context init parameter 'org.apache.myfaces.STRICT_JSF_2_REFRESH_TARGET_AJAX' found, using default value 'false'.
Jun 02, 2013 3:04:19 PM org.apache.myfaces.webapp.WebConfigParamsLogger logWebContextParams
INFO: No context init parameter 'org.apache.myfaces.STRICT_JSF_2_CC_EL_RESOLVER' found, using default value 'false'.
Jun 02, 2013 3:04:19 PM org.apache.myfaces.webapp.WebConfigParamsLogger logWebContextParams
INFO: No context init parameter 'org.apache.myfaces.DEFAULT_RESPONSE_WRITER_CONTENT_TYPE_MODE' found, using default value 'text/html'.
Jun 02, 2013 3:04:19 PM org.apache.myfaces.webapp.WebConfigParamsLogger logWebContextParams
INFO: No context init parameter 'org.apache.myfaces.VIEW_UNIQUE_IDS_CACHE_ENABLED' found, using default value 'false'.
Jun 02, 2013 3:04:19 PM org.apache.myfaces.webapp.WebConfigParamsLogger logWebContextParams
INFO: No context init parameter 'org.apache.myfaces.COMPONENT_UNIQUE_IDS_CACHE_SIZE' found, using default value '100'.
Jun 02, 2013 3:04:19 PM org.apache.myfaces.webapp.WebConfigParamsLogger logWebContextParams
INFO: No context init parameter 'org.apache.myfaces.SUPPORT_JSP_AND_FACES_EL' found, using default value 'true'.
Jun 02, 2013 3:04:19 PM org.apache.myfaces.webapp.WebConfigParamsLogger logWebContextParams
INFO: No context init parameter 'org.apache.myfaces.GAE_JSF_JAR_FILES' found.
Jun 02, 2013 3:04:19 PM org.apache.myfaces.webapp.WebConfigParamsLogger logWebContextParams
INFO: No context init parameter 'org.apache.myfaces.GAE_JSF_ANNOTATIONS_JAR_FILES' found.
Jun 02, 2013 3:04:19 PM org.apache.myfaces.webapp.WebConfigParamsLogger logWebContextParams
INFO: No context init parameter 'org.apache.myfaces.FLASH_SCOPE_DISABLED' found, using default value 'false'.
Jun 02, 2013 3:04:19 PM org.apache.myfaces.webapp.WebConfigParamsLogger logWebContextParams
INFO: No context init parameter 'org.apache.myfaces.RESOURCE_MAX_TIME_EXPIRES' found, using default value '604800000'.
Jun 02, 2013 3:04:19 PM org.apache.myfaces.webapp.WebConfigParamsLogger logWebContextParams
INFO: No context init parameter 'org.apache.myfaces.RESOURCE_HANDLER_CACHE_SIZE' found, using default value '500'.
Jun 02, 2013 3:04:19 PM org.apache.myfaces.webapp.WebConfigParamsLogger logWebContextParams
INFO: No context init parameter 'org.apache.myfaces.RESOURCE_HANDLER_CACHE_ENABLED' found, using default value 'true'.
Jun 02, 2013 3:04:19 PM org.apache.myfaces.webapp.WebConfigParamsLogger logWebContextParams
INFO: No context init parameter 'org.apache.myfaces.USE_ENCRYPTION' found, using default value 'true'.
Jun 02, 2013 3:04:19 PM org.apache.myfaces.webapp.WebConfigParamsLogger logWebContextParams
INFO: No context init parameter 'org.apache.myfaces.SECRET' found.
Jun 02, 2013 3:04:19 PM org.apache.myfaces.webapp.WebConfigParamsLogger logWebContextParams
INFO: No context init parameter 'org.apache.myfaces.ALGORITHM' found, using default value 'DES'.
Jun 02, 2013 3:04:19 PM org.apache.myfaces.webapp.WebConfigParamsLogger logWebContextParams
INFO: No context init parameter 'org.apache.myfaces.SECRET.CACHE' found.
Jun 02, 2013 3:04:19 PM org.apache.myfaces.webapp.WebConfigParamsLogger logWebContextParams
INFO: No context init parameter 'org.apache.myfaces.ALGORITHM.IV' found.
Jun 02, 2013 3:04:19 PM org.apache.myfaces.webapp.WebConfigParamsLogger logWebContextParams
INFO: No context init parameter 'org.apache.myfaces.ALGORITHM.PARAMETERS' found, using default value 'ECB/PKCS5Padding'.
Jun 02, 2013 3:04:19 PM org.apache.myfaces.webapp.WebConfigParamsLogger logWebContextParams
INFO: No context init parameter 'org.apache.myfaces.SERIAL_FACTORY' found.
Jun 02, 2013 3:04:19 PM org.apache.myfaces.webapp.WebConfigParamsLogger logWebContextParams
INFO: No context init parameter 'org.apache.myfaces.COMPRESS_STATE_IN_CLIENT' found, using default value 'false'.
Jun 02, 2013 3:04:19 PM org.apache.myfaces.webapp.WebConfigParamsLogger logWebContextParams
INFO: No context init parameter 'org.apache.myfaces.MAC_ALGORITHM' found, using default value 'HmacSHA1'.
Jun 02, 2013 3:04:19 PM org.apache.myfaces.webapp.WebConfigParamsLogger logWebContextParams
INFO: No context init parameter 'org.apache.myfaces.MAC_SECRET' found.
Jun 02, 2013 3:04:19 PM org.apache.myfaces.webapp.WebConfigParamsLogger logWebContextParams
INFO: No context init parameter 'org.apache.myfaces.MAC_SECRET.CACHE' found.
Jun 02, 2013 3:04:19 PM org.apache.myfaces.webapp.WebConfigParamsLogger logWebContextParams
INFO: No context init parameter 'javax.faces.DATETIMECONVERTER_DEFAULT_TIMEZONE_IS_SYSTEM_TIMEZONE' found, using default value 'false'.
Jun 02, 2013 3:04:19 PM org.apache.myfaces.webapp.WebConfigParamsLogger logWebContextParams
INFO: No context init parameter 'javax.faces.PROJECT_STAGE' found, using default value 'Production'.
Jun 02, 2013 3:04:19 PM org.apache.myfaces.webapp.WebConfigParamsLogger logWebContextParams
INFO: No context init parameter 'org.apache.myfaces.LAZY_LOAD_CONFIG_OBJECTS' found, using default value 'true'.
Jun 02, 2013 3:04:19 PM org.apache.myfaces.webapp.WebConfigParamsLogger logWebContextParams
INFO: No context init parameter 'org.apache.myfaces.STRICT_JSF_2_ALLOW_SLASH_LIBRARY_NAME' found, using default value 'false'.
Jun 02, 2013 3:04:19 PM org.apache.myfaces.webapp.WebConfigParamsLogger logWebContextParams
INFO: No context init parameter 'org.apache.myfaces.RESOURCE_BUFFER_SIZE' found, using default value '2048'.
Jun 02, 2013 3:04:19 PM org.apache.myfaces.webapp.WebConfigParamsLogger logWebContextParams
INFO: No context init parameter 'org.apache.myfaces.CLIENT_VIEW_STATE_TIMEOUT' found, using default value '0'.
Jun 02, 2013 3:04:19 PM org.apache.myfaces.webapp.WebConfigParamsLogger logWebContextParams
INFO: No context init parameter 'org.apache.myfaces.NUMBER_OF_VIEWS_IN_SESSION' found, using default value '20'.
Jun 02, 2013 3:04:19 PM org.apache.myfaces.webapp.WebConfigParamsLogger logWebContextParams
INFO: No context init parameter 'org.apache.myfaces.NUMBER_OF_SEQUENTIAL_VIEWS_IN_SESSION' found.
Jun 02, 2013 3:04:19 PM org.apache.myfaces.webapp.WebConfigParamsLogger logWebContextParams
INFO: No context init parameter 'org.apache.myfaces.COMPRESS_STATE_IN_SESSION' found, using default value 'true'.
Jun 02, 2013 3:04:19 PM org.apache.myfaces.webapp.WebConfigParamsLogger logWebContextParams
INFO: No context init parameter 'org.apache.myfaces.CACHE_OLD_VIEWS_IN_SESSION_MODE' found, using default value 'off'.
Jun 02, 2013 3:04:19 PM org.apache.myfaces.webapp.WebConfigParamsLogger logWebContextParams
INFO: No context init parameter 'org.apache.myfaces.USE_FLASH_SCOPE_PURGE_VIEWS_IN_SESSION' found, using default value 'false'.
Jun 02, 2013 3:04:19 PM org.apache.myfaces.webapp.WebConfigParamsLogger logWebContextParams
INFO: No context init parameter 'org.apache.myfaces.RANDOM_KEY_IN_VIEW_STATE_SESSION_TOKEN' found, using default value 'none'.
Jun 02, 2013 3:04:19 PM org.apache.myfaces.webapp.WebConfigParamsLogger logWebContextParams
INFO: No context init parameter 'org.apache.myfaces.RANDOM_KEY_IN_VIEW_STATE_SESSION_TOKEN_LENGTH' found, using default value '8'.
Jun 02, 2013 3:04:19 PM org.apache.myfaces.webapp.WebConfigParamsLogger logWebContextParams
INFO: No context init parameter 'org.apache.myfaces.RANDOM_KEY_IN_VIEW_STATE_SESSION_TOKEN_SECURE_RANDOM_CLASS' found.
Jun 02, 2013 3:04:19 PM org.apache.myfaces.webapp.WebConfigParamsLogger logWebContextParams
INFO: No context init parameter 'org.apache.myfaces.RANDOM_KEY_IN_VIEW_STATE_SESSION_TOKEN_SECURE_RANDOM_PROVIDER' found.
Jun 02, 2013 3:04:19 PM org.apache.myfaces.webapp.WebConfigParamsLogger logWebContextParams
INFO: No context init parameter 'org.apache.myfaces.RANDOM_KEY_IN_VIEW_STATE_SESSION_TOKEN_SECURE_RANDOM_ALGORITM' found, using default value 'SHA1PRNG'.
Jun 02, 2013 3:04:19 PM org.apache.myfaces.webapp.WebConfigParamsLogger logWebContextParams
INFO: No context init parameter 'org.apache.myfaces.VALIDATE' found, using default value 'false'.
Jun 02, 2013 3:04:19 PM org.apache.myfaces.webapp.WebConfigParamsLogger logWebContextParams
INFO: No context init parameter 'org.apache.myfaces.annotation.SCAN_PACKAGES' found.
Jun 02, 2013 3:04:19 PM org.apache.myfaces.webapp.WebConfigParamsLogger logWebContextParams
INFO: No context init parameter 'org.apache.myfaces.config.annotation.LifecycleProvider' found.
Jun 02, 2013 3:04:19 PM org.apache.myfaces.webapp.WebConfigParamsLogger logWebContextParams
INFO: No context init parameter 'org.apache.myfaces.EL_RESOLVER_COMPARATOR' found.
Jun 02, 2013 3:04:19 PM org.apache.myfaces.webapp.WebConfigParamsLogger logWebContextParams
INFO: No context init parameter 'org.apache.myfaces.EL_RESOLVER_PREDICATE' found.
Jun 02, 2013 3:04:19 PM org.apache.myfaces.webapp.WebConfigParamsLogger logWebContextParams
INFO: No context init parameter 'org.apache.myfaces.CHECKED_VIEWID_CACHE_SIZE' found, using default value '500'.
Jun 02, 2013 3:04:19 PM org.apache.myfaces.webapp.WebConfigParamsLogger logWebContextParams
INFO: No context init parameter 'org.apache.myfaces.CHECKED_VIEWID_CACHE_ENABLED' found, using default value 'true'.
Jun 02, 2013 3:04:19 PM org.apache.myfaces.webapp.WebConfigParamsLogger logWebContextParams
INFO: No context init parameter 'org.apache.myfaces.ERROR_TEMPLATE_RESOURCE' found, using default value 'META-INF/rsc/myfaces-dev-error.xml'.
Jun 02, 2013 3:04:19 PM org.apache.myfaces.webapp.WebConfigParamsLogger logWebContextParams
INFO: No context init parameter 'org.apache.myfaces.DEBUG_TEMPLATE_RESOURCE' found, using default value 'META-INF/rsc/myfaces-dev-debug.xml'.
Jun 02, 2013 3:04:19 PM org.apache.myfaces.webapp.WebConfigParamsLogger logWebContextParams
INFO: No context init parameter 'org.apache.myfaces.ERROR_HANDLING' found, using default value 'false, on Development Project stage: true'.
Jun 02, 2013 3:04:19 PM org.apache.myfaces.webapp.WebConfigParamsLogger logWebContextParams
INFO: No context init parameter 'org.apache.myfaces.HANDLE_STATE_CACHING_MECHANICS' found, using default value 'true'.
Jun 02, 2013 3:04:19 PM org.apache.myfaces.webapp.WebConfigParamsLogger logWebContextParams
INFO: No context init parameter 'org.apache.myfaces.USE_MULTIPLE_JS_FILES_FOR_JSF_UNCOMPRESSED_JS' found, using default value 'false'.
Jun 02, 2013 3:04:19 PM org.apache.myfaces.webapp.WebConfigParamsLogger logWebContextParams
INFO: No context init parameter 'org.apache.myfaces.JSF_JS_MODE' found, using default value 'normal'.
Jun 02, 2013 3:04:19 PM org.apache.myfaces.webapp.WebConfigParamsLogger logWebContextParams
INFO: No context init parameter 'org.apache.myfaces.TEMPORAL_RESOURCEHANDLER_CACHE_ENABLED' found, using default value 'false'.
Jun 02, 2013 3:04:20 PM org.apache.myfaces.webapp.WebConfigParamsLogger logWebContextParams
INFO: No context init parameter 'org.apache.myfaces.SERVICE_PROVIDER_FINDER' found.
Jun 02, 2013 3:04:20 PM org.apache.myfaces.webapp.WebConfigParamsLogger logWebContextParams
INFO: No context init parameter 'javax.faces.DISABLE_FACELET_JSF_VIEWHANDLER' found, using default value 'false'.
Jun 02, 2013 3:04:20 PM org.apache.myfaces.webapp.WebConfigParamsLogger logWebContextParams
INFO: No context init parameter 'org.apache.myfaces.SAVE_STATE_WITH_VISIT_TREE_ON_PSS' found, using default value 'true'.
Jun 02, 2013 3:04:20 PM org.apache.myfaces.webapp.WebConfigParamsLogger logWebContextParams
INFO: No context init parameter 'org.apache.myfaces.CHECK_ID_PRODUCTION_MODE' found, using default value 'auto'.
Jun 02, 2013 3:04:20 PM org.apache.myfaces.webapp.WebConfigParamsLogger logWebContextParams
INFO: No context init parameter 'javax.faces.FACELETS_BUFFER_SIZE' found.
Jun 02, 2013 3:04:20 PM org.apache.myfaces.webapp.WebConfigParamsLogger logWebContextParams
INFO: No context init parameter 'facelets.BUFFER_SIZE' found.
Jun 02, 2013 3:04:20 PM org.apache.myfaces.webapp.WebConfigParamsLogger logWebContextParams
INFO: No context init parameter 'javax.faces.FACELETS_DECORATORS' found.
Jun 02, 2013 3:04:20 PM org.apache.myfaces.webapp.WebConfigParamsLogger logWebContextParams
INFO: No context init parameter 'facelets.DECORATORS' found.
Jun 02, 2013 3:04:20 PM org.apache.myfaces.webapp.WebConfigParamsLogger logWebContextParams
INFO: No context init parameter 'javax.faces.FACELETS_LIBRARIES' found.
Jun 02, 2013 3:04:20 PM org.apache.myfaces.webapp.WebConfigParamsLogger logWebContextParams
INFO: No context init parameter 'facelets.LIBRARIES' found.
Jun 02, 2013 3:04:20 PM org.apache.myfaces.webapp.WebConfigParamsLogger logWebContextParams
INFO: No context init parameter 'javax.faces.FACELETS_REFRESH_PERIOD' found, using default value '-1'.
Jun 02, 2013 3:04:20 PM org.apache.myfaces.webapp.WebConfigParamsLogger logWebContextParams
INFO: No context init parameter 'facelets.REFRESH_PERIOD' found, using default value '-1'.
Jun 02, 2013 3:04:20 PM org.apache.myfaces.webapp.WebConfigParamsLogger logWebContextParams
INFO: No context init parameter 'javax.faces.FACELETS_RESOURCE_RESOLVER' found.
Jun 02, 2013 3:04:20 PM org.apache.myfaces.webapp.WebConfigParamsLogger logWebContextParams
INFO: No context init parameter 'facelets.RESOURCE_RESOLVER' found.
Jun 02, 2013 3:04:20 PM org.apache.myfaces.webapp.WebConfigParamsLogger logWebContextParams
INFO: No context init parameter 'javax.faces.FACELETS_SKIP_COMMENTS' found.
Jun 02, 2013 3:04:20 PM org.apache.myfaces.webapp.WebConfigParamsLogger logWebContextParams
INFO: No context init parameter 'facelets.SKIP_COMMENTS' found.
Jun 02, 2013 3:04:20 PM org.apache.myfaces.webapp.WebConfigParamsLogger logWebContextParams
INFO: No context init parameter 'org.apache.myfaces.MARK_INITIAL_STATE_WHEN_APPLY_BUILD_VIEW' found, using default value 'false'.
Jun 02, 2013 3:04:20 PM org.apache.myfaces.webapp.WebConfigParamsLogger logWebContextParams
INFO: No context init parameter 'org.apache.myfaces.WRAP_TAG_EXCEPTIONS_AS_CONTEXT_AWARE' found, using default value 'true'.
Jun 02, 2013 3:04:20 PM org.apache.myfaces.webapp.WebConfigParamsLogger logWebContextParams
INFO: No context init parameter 'org.apache.myfaces.CACHE_EL_EXPRESSIONS' found, using default value 'noCache'.
Jun 02, 2013 3:04:20 PM org.apache.myfaces.webapp.WebConfigParamsLogger logWebContextParams
INFO: No context init parameter 'org.apache.myfaces.EXPRESSION_FACTORY' found.
Jun 02, 2013 3:04:20 PM org.apache.myfaces.webapp.WebConfigParamsLogger logWebContextParams
INFO: No context init parameter 'org.apache.myfaces.INITIALIZE_ALWAYS_STANDALONE' found, using default value 'false'.
Jun 02, 2013 3:04:20 PM org.apache.myfaces.webapp.WebConfigParamsLogger logWebContextParams
INFO: No context init parameter 'org.apache.myfaces.LOG_WEB_CONTEXT_PARAMS' found, using default value 'auto'.
Jun 02, 2013 3:04:20 PM org.apache.myfaces.webapp.WebConfigParamsLogger logWebContextParams
INFO: No context init parameter 'org.apache.myfaces.FACES_INITIALIZER' found.
Jun 02, 2013 3:04:20 PM org.apache.myfaces.webapp.WebConfigParamsLogger logWebContextParams
INFO: No context init parameter 'org.apache.myfaces.FACES_INIT_PLUGINS' found.
Jun 02, 2013 3:04:20 PM org.apache.myfaces.util.ExternalSpecifications isUnifiedELAvailable
INFO: MyFaces Unified EL support enabled
Jun 02, 2013 3:04:20 PM org.apache.catalina.util.LifecycleBase start
INFO: The start() method was called on component [StandardEngine[Catalina].StandardHost[localhost].StandardContext[/lab4]] after start() had already been called. The second call will be ignored.
Jun 02, 2013 3:04:26 PM org.hibernate.annotations.common.Version <clinit>
INFO: HCANN000001: Hibernate Commons Annotations {4.0.1.Final}
Jun 02, 2013 3:04:26 PM org.hibernate.Version logVersion
INFO: HHH000412: Hibernate Core {4.2.0.Final}
Jun 02, 2013 3:04:26 PM org.hibernate.cfg.Environment <clinit>
INFO: HHH000206: hibernate.properties not found
Jun 02, 2013 3:04:26 PM org.hibernate.cfg.Environment buildBytecodeProvider
INFO: HHH000021: Bytecode provider name : javassist
Jun 02, 2013 3:04:27 PM org.hibernate.dialect.Dialect <init>
INFO: HHH000400: Using dialect: org.hibernate.dialect.H2Dialect
Jun 02, 2013 3:04:27 PM org.hibernate.engine.transaction.internal.TransactionFactoryInitiator initiateService
INFO: HHH000268: Transaction strategy: org.hibernate.engine.transaction.internal.jdbc.JdbcTransactionFactory
Jun 02, 2013 3:04:27 PM org.hibernate.hql.internal.ast.ASTQueryTranslatorFactory <init>
INFO: HHH000397: Using ASTQueryTranslatorFactory
Jun 02, 2013 3:04:28 PM org.hibernate.tool.hbm2ddl.SchemaExport execute
INFO: HHH000227: Running hbm2ddl schema export
Jun 02, 2013 3:04:28 PM org.hibernate.tool.hbm2ddl.SchemaExport execute
INFO: HHH000230: Schema export complete
Jun 02, 2013 3:07:56 PM org.apache.catalina.core.StandardServer await
INFO: A valid shutdown command was received via the shutdown port. Stopping the Server instance.
Jun 02, 2013 3:07:56 PM org.apache.coyote.AbstractProtocol pause
INFO: Pausing ProtocolHandler ["http-bio-8080"]
Jun 02, 2013 3:07:56 PM org.apache.coyote.AbstractProtocol pause
INFO: Pausing ProtocolHandler ["ajp-bio-8009"]
Jun 02, 2013 3:07:56 PM org.apache.catalina.core.StandardService stopInternal
INFO: Stopping service Catalina
Jun 02, 2013 3:07:56 PM org.apache.catalina.loader.WebappClassLoader clearReferencesJdbc
SEVERE: The web application [/lab4] registered the JDBC driver [org.h2.Driver] but failed to unregister it when the web application was stopped. To prevent a memory leak, the JDBC Driver has been forcibly unregistered.
Jun 02, 2013 3:07:56 PM org.apache.coyote.AbstractProtocol stop
INFO: Stopping ProtocolHandler ["http-bio-8080"]
Jun 02, 2013 3:07:56 PM org.apache.coyote.AbstractProtocol stop
INFO: Stopping ProtocolHandler ["ajp-bio-8009"]
Jun 02, 2013 3:07:56 PM org.apache.coyote.AbstractProtocol destroy
INFO: Destroying ProtocolHandler ["http-bio-8080"]
Jun 02, 2013 3:07:56 PM org.apache.coyote.AbstractProtocol destroy
INFO: Destroying ProtocolHandler ["ajp-bio-8009"]
