Jun 01, 2013 6:32:28 PM org.apache.catalina.core.ApplicationContext log
INFO: Manager: init: Associated with Deployer 'Catalina:type=Deployer,host=localhost'
Jun 01, 2013 6:32:28 PM org.apache.catalina.core.ApplicationContext log
INFO: Manager: init: Global resources are available
Jun 01, 2013 6:32:28 PM org.apache.catalina.core.ApplicationContext log
INFO: Manager: list: Listing contexts for virtual host 'localhost'
Jun 01, 2013 6:32:29 PM org.apache.catalina.core.ApplicationContext log
INFO: Manager: list: Listing contexts for virtual host 'localhost'
Jun 01, 2013 6:32:29 PM org.apache.catalina.core.ApplicationContext log
INFO: Manager: undeploy: Undeploying web application at '/lab4'
Jun 01, 2013 6:32:30 PM org.apache.catalina.core.ApplicationContext log
INFO: Manager: install: Installing context configuration at 'file:/var/folders/rj/1q9yy9w52_17h1g4j1vt3kb80000gn/T/context217008961031118373.xml'
Jun 01, 2013 6:32:34 PM org.apache.catalina.core.ApplicationContext log
INFO: Manager: start: Starting web application '/lab4'
Jun 01, 2013 6:50:32 PM org.apache.catalina.core.ApplicationContext log
INFO: Manager: list: Listing contexts for virtual host 'localhost'
Jun 01, 2013 6:50:32 PM org.apache.catalina.core.ApplicationContext log
INFO: Manager: restart: Reloading web application '/lab4'
Jun 01, 2013 6:55:10 PM org.apache.catalina.core.ApplicationContext log
INFO: Manager: list: Listing contexts for virtual host 'localhost'
Jun 01, 2013 6:55:10 PM org.apache.catalina.core.ApplicationContext log
INFO: Manager: restart: Reloading web application '/lab4'
Jun 01, 2013 6:55:14 PM org.apache.catalina.core.ApplicationContext log
INFO: Manager: list: Listing contexts for virtual host 'localhost'
Jun 01, 2013 6:55:14 PM org.apache.catalina.core.ApplicationContext log
INFO: Manager: restart: Reloading web application '/lab4'
Jun 01, 2013 6:55:18 PM org.apache.catalina.core.ApplicationContext log
INFO: Manager: list: Listing contexts for virtual host 'localhost'
Jun 01, 2013 6:55:18 PM org.apache.catalina.core.ApplicationContext log
INFO: Manager: restart: Reloading web application '/lab4'
Jun 01, 2013 6:58:20 PM org.apache.catalina.core.ApplicationContext log
INFO: Manager: list: Listing contexts for virtual host 'localhost'
Jun 01, 2013 6:58:20 PM org.apache.catalina.core.ApplicationContext log
INFO: Manager: restart: Reloading web application '/lab4'
Jun 01, 2013 6:58:59 PM org.apache.catalina.core.ApplicationContext log
INFO: Manager: list: Listing contexts for virtual host 'localhost'
Jun 01, 2013 6:58:59 PM org.apache.catalina.core.ApplicationContext log
INFO: Manager: restart: Reloading web application '/lab4'
Jun 01, 2013 6:59:18 PM org.apache.catalina.core.ApplicationContext log
INFO: Manager: list: Listing contexts for virtual host 'localhost'
Jun 01, 2013 6:59:18 PM org.apache.catalina.core.ApplicationContext log
INFO: Manager: restart: Reloading web application '/lab4'
Jun 01, 2013 6:59:29 PM org.apache.catalina.core.ApplicationContext log
INFO: Manager: list: Listing contexts for virtual host 'localhost'
Jun 01, 2013 6:59:29 PM org.apache.catalina.core.ApplicationContext log
INFO: Manager: restart: Reloading web application '/lab4'
Jun 01, 2013 7:00:04 PM org.apache.catalina.core.ApplicationContext log
INFO: Manager: list: Listing contexts for virtual host 'localhost'
Jun 01, 2013 7:00:04 PM org.apache.catalina.core.ApplicationContext log
INFO: Manager: restart: Reloading web application '/lab4'
Jun 01, 2013 7:00:11 PM org.apache.catalina.core.ApplicationContext log
INFO: Manager: list: Listing contexts for virtual host 'localhost'
Jun 01, 2013 7:00:11 PM org.apache.catalina.core.ApplicationContext log
INFO: Manager: restart: Reloading web application '/lab4'
Jun 01, 2013 7:00:15 PM org.apache.catalina.core.ApplicationContext log
INFO: Manager: list: Listing contexts for virtual host 'localhost'
Jun 01, 2013 7:00:15 PM org.apache.catalina.core.ApplicationContext log
INFO: Manager: restart: Reloading web application '/lab4'
Jun 01, 2013 7:00:19 PM org.apache.catalina.core.ApplicationContext log
INFO: Manager: list: Listing contexts for virtual host 'localhost'
Jun 01, 2013 7:00:19 PM org.apache.catalina.core.ApplicationContext log
INFO: Manager: restart: Reloading web application '/lab4'
Jun 01, 2013 7:00:32 PM org.apache.catalina.core.ApplicationContext log
INFO: Manager: list: Listing contexts for virtual host 'localhost'
Jun 01, 2013 7:00:32 PM org.apache.catalina.core.ApplicationContext log
INFO: Manager: restart: Reloading web application '/lab4'
Jun 01, 2013 7:00:57 PM org.apache.catalina.core.ApplicationContext log
INFO: Manager: list: Listing contexts for virtual host 'localhost'
Jun 01, 2013 7:00:57 PM org.apache.catalina.core.ApplicationContext log
INFO: Manager: restart: Reloading web application '/lab4'
Jun 01, 2013 7:02:22 PM org.apache.catalina.core.ApplicationContext log
INFO: Manager: list: Listing contexts for virtual host 'localhost'
Jun 01, 2013 7:02:22 PM org.apache.catalina.core.ApplicationContext log
INFO: Manager: restart: Reloading web application '/lab4'
Jun 01, 2013 7:02:30 PM org.apache.catalina.core.ApplicationContext log
INFO: Manager: list: Listing contexts for virtual host 'localhost'
Jun 01, 2013 7:02:30 PM org.apache.catalina.core.ApplicationContext log
INFO: Manager: restart: Reloading web application '/lab4'
Jun 01, 2013 7:02:35 PM org.apache.catalina.core.ApplicationContext log
INFO: Manager: list: Listing contexts for virtual host 'localhost'
Jun 01, 2013 7:02:35 PM org.apache.catalina.core.ApplicationContext log
INFO: Manager: restart: Reloading web application '/lab4'
Jun 01, 2013 7:02:40 PM org.apache.catalina.core.ApplicationContext log
INFO: Manager: list: Listing contexts for virtual host 'localhost'
Jun 01, 2013 7:02:40 PM org.apache.catalina.core.ApplicationContext log
INFO: Manager: restart: Reloading web application '/lab4'
Jun 01, 2013 7:03:53 PM org.apache.catalina.core.ApplicationContext log
INFO: Manager: list: Listing contexts for virtual host 'localhost'
Jun 01, 2013 7:03:53 PM org.apache.catalina.core.ApplicationContext log
INFO: Manager: restart: Reloading web application '/lab4'
Jun 01, 2013 7:04:03 PM org.apache.catalina.core.ApplicationContext log
INFO: Manager: list: Listing contexts for virtual host 'localhost'
Jun 01, 2013 7:04:03 PM org.apache.catalina.core.ApplicationContext log
INFO: Manager: restart: Reloading web application '/lab4'
Jun 01, 2013 7:04:08 PM org.apache.catalina.core.ApplicationContext log
INFO: Manager: list: Listing contexts for virtual host 'localhost'
Jun 01, 2013 7:04:08 PM org.apache.catalina.core.ApplicationContext log
INFO: Manager: restart: Reloading web application '/lab4'
Jun 01, 2013 7:04:13 PM org.apache.catalina.core.ApplicationContext log
INFO: Manager: list: Listing contexts for virtual host 'localhost'
Jun 01, 2013 7:04:13 PM org.apache.catalina.core.ApplicationContext log
INFO: Manager: restart: Reloading web application '/lab4'
Jun 01, 2013 7:04:21 PM org.apache.catalina.core.ApplicationContext log
INFO: Manager: list: Listing contexts for virtual host 'localhost'
Jun 01, 2013 7:04:21 PM org.apache.catalina.core.ApplicationContext log
INFO: Manager: restart: Reloading web application '/lab4'
Jun 01, 2013 7:04:43 PM org.apache.catalina.core.ApplicationContext log
INFO: Manager: list: Listing contexts for virtual host 'localhost'
Jun 01, 2013 7:04:43 PM org.apache.catalina.core.ApplicationContext log
INFO: Manager: restart: Reloading web application '/lab4'
Jun 01, 2013 7:04:47 PM org.apache.catalina.core.ApplicationContext log
INFO: Manager: list: Listing contexts for virtual host 'localhost'
Jun 01, 2013 7:04:47 PM org.apache.catalina.core.ApplicationContext log
INFO: Manager: restart: Reloading web application '/lab4'
Jun 01, 2013 7:05:19 PM org.apache.catalina.core.ApplicationContext log
INFO: Manager: list: Listing contexts for virtual host 'localhost'
Jun 01, 2013 7:05:19 PM org.apache.catalina.core.ApplicationContext log
INFO: Manager: restart: Reloading web application '/lab4'
Jun 01, 2013 7:05:22 PM org.apache.catalina.core.ApplicationContext log
INFO: Manager: list: Listing contexts for virtual host 'localhost'
Jun 01, 2013 7:05:22 PM org.apache.catalina.core.ApplicationContext log
INFO: Manager: restart: Reloading web application '/lab4'
Jun 01, 2013 7:05:37 PM org.apache.catalina.core.ApplicationContext log
INFO: Manager: list: Listing contexts for virtual host 'localhost'
Jun 01, 2013 7:05:37 PM org.apache.catalina.core.ApplicationContext log
INFO: Manager: restart: Reloading web application '/lab4'
Jun 01, 2013 7:05:44 PM org.apache.catalina.core.ApplicationContext log
INFO: Manager: list: Listing contexts for virtual host 'localhost'
Jun 01, 2013 7:05:44 PM org.apache.catalina.core.ApplicationContext log
INFO: Manager: restart: Reloading web application '/lab4'
Jun 01, 2013 7:05:49 PM org.apache.catalina.core.ApplicationContext log
INFO: Manager: list: Listing contexts for virtual host 'localhost'
Jun 01, 2013 7:05:49 PM org.apache.catalina.core.ApplicationContext log
INFO: Manager: restart: Reloading web application '/lab4'
Jun 01, 2013 7:05:54 PM org.apache.catalina.core.ApplicationContext log
INFO: Manager: list: Listing contexts for virtual host 'localhost'
Jun 01, 2013 7:05:54 PM org.apache.catalina.core.ApplicationContext log
INFO: Manager: restart: Reloading web application '/lab4'
Jun 01, 2013 7:06:06 PM org.apache.catalina.core.ApplicationContext log
INFO: Manager: list: Listing contexts for virtual host 'localhost'
Jun 01, 2013 7:06:06 PM org.apache.catalina.core.ApplicationContext log
INFO: Manager: restart: Reloading web application '/lab4'
Jun 01, 2013 7:24:21 PM org.apache.catalina.core.ApplicationContext log
INFO: Manager: init: Associated with Deployer 'Catalina:type=Deployer,host=localhost'
Jun 01, 2013 7:24:21 PM org.apache.catalina.core.ApplicationContext log
INFO: Manager: init: Global resources are available
Jun 01, 2013 7:24:21 PM org.apache.catalina.core.ApplicationContext log
INFO: Manager: list: Listing contexts for virtual host 'localhost'
Jun 01, 2013 7:24:21 PM org.apache.catalina.core.ApplicationContext log
INFO: Manager: list: Listing contexts for virtual host 'localhost'
Jun 01, 2013 7:24:21 PM org.apache.catalina.core.ApplicationContext log
INFO: Manager: undeploy: Undeploying web application at '/lab4'
Jun 01, 2013 7:24:22 PM org.apache.catalina.core.ApplicationContext log
INFO: Manager: install: Installing context configuration at 'file:/var/folders/rj/1q9yy9w52_17h1g4j1vt3kb80000gn/T/context794013196966205741.xml'
Jun 01, 2013 7:24:27 PM org.apache.catalina.core.ApplicationContext log
INFO: Manager: start: Starting web application '/lab4'
Jun 01, 2013 7:28:31 PM org.apache.catalina.core.ApplicationContext log
INFO: Manager: list: Listing contexts for virtual host 'localhost'
Jun 01, 2013 7:28:31 PM org.apache.catalina.core.ApplicationContext log
INFO: Manager: restart: Reloading web application '/lab4'
Jun 01, 2013 7:28:38 PM org.apache.catalina.core.ApplicationContext log
INFO: Manager: list: Listing contexts for virtual host 'localhost'
Jun 01, 2013 7:28:38 PM org.apache.catalina.core.ApplicationContext log
INFO: Manager: restart: Reloading web application '/lab4'
Jun 01, 2013 7:33:05 PM org.apache.catalina.core.ApplicationContext log
INFO: Manager: init: Associated with Deployer 'Catalina:type=Deployer,host=localhost'
Jun 01, 2013 7:33:05 PM org.apache.catalina.core.ApplicationContext log
INFO: Manager: init: Global resources are available
Jun 01, 2013 7:33:05 PM org.apache.catalina.core.ApplicationContext log
INFO: Manager: list: Listing contexts for virtual host 'localhost'
Jun 01, 2013 7:33:05 PM org.apache.catalina.core.ApplicationContext log
INFO: Manager: list: Listing contexts for virtual host 'localhost'
Jun 01, 2013 7:33:05 PM org.apache.catalina.core.ApplicationContext log
INFO: Manager: undeploy: Undeploying web application at '/lab4'
Jun 01, 2013 7:33:07 PM org.apache.catalina.core.ApplicationContext log
INFO: Manager: install: Installing context configuration at 'file:/var/folders/rj/1q9yy9w52_17h1g4j1vt3kb80000gn/T/context3017076942788572743.xml'
Jun 01, 2013 7:33:11 PM org.apache.catalina.core.ApplicationContext log
INFO: Manager: start: Starting web application '/lab4'
Jun 01, 2013 7:35:18 PM org.apache.catalina.core.ApplicationContext log
INFO: Manager: init: Associated with Deployer 'Catalina:type=Deployer,host=localhost'
Jun 01, 2013 7:35:18 PM org.apache.catalina.core.ApplicationContext log
INFO: Manager: init: Global resources are available
Jun 01, 2013 7:35:18 PM org.apache.catalina.core.ApplicationContext log
INFO: Manager: list: Listing contexts for virtual host 'localhost'
Jun 01, 2013 7:35:18 PM org.apache.catalina.core.ApplicationContext log
INFO: Manager: list: Listing contexts for virtual host 'localhost'
Jun 01, 2013 7:35:18 PM org.apache.catalina.core.ApplicationContext log
INFO: Manager: undeploy: Undeploying web application at '/lab4'
Jun 01, 2013 7:35:19 PM org.apache.catalina.core.ApplicationContext log
INFO: Manager: install: Installing context configuration at 'file:/var/folders/rj/1q9yy9w52_17h1g4j1vt3kb80000gn/T/context5040904246787084842.xml'
Jun 01, 2013 7:35:23 PM org.apache.catalina.core.ApplicationContext log
INFO: Manager: start: Starting web application '/lab4'
Jun 01, 2013 7:36:14 PM org.apache.catalina.core.ApplicationContext log
INFO: Manager: init: Associated with Deployer 'Catalina:type=Deployer,host=localhost'
Jun 01, 2013 7:36:14 PM org.apache.catalina.core.ApplicationContext log
INFO: Manager: init: Global resources are available
Jun 01, 2013 7:36:14 PM org.apache.catalina.core.ApplicationContext log
INFO: Manager: list: Listing contexts for virtual host 'localhost'
Jun 01, 2013 7:36:14 PM org.apache.catalina.core.ApplicationContext log
INFO: Manager: list: Listing contexts for virtual host 'localhost'
Jun 01, 2013 7:36:14 PM org.apache.catalina.core.ApplicationContext log
INFO: Manager: undeploy: Undeploying web application at '/lab4'
Jun 01, 2013 7:36:15 PM org.apache.catalina.core.ApplicationContext log
INFO: Manager: install: Installing context configuration at 'file:/var/folders/rj/1q9yy9w52_17h1g4j1vt3kb80000gn/T/context6856711393597309393.xml'
Jun 01, 2013 7:36:20 PM org.apache.catalina.core.ApplicationContext log
INFO: Manager: start: Starting web application '/lab4'
Jun 01, 2013 7:41:59 PM org.apache.catalina.core.ApplicationContext log
INFO: Manager: list: Listing contexts for virtual host 'localhost'
Jun 01, 2013 7:41:59 PM org.apache.catalina.core.ApplicationContext log
INFO: Manager: restart: Reloading web application '/lab4'
Jun 01, 2013 7:49:10 PM org.apache.catalina.core.ApplicationContext log
INFO: Manager: list: Listing contexts for virtual host 'localhost'
Jun 01, 2013 7:49:10 PM org.apache.catalina.core.ApplicationContext log
INFO: Manager: restart: Reloading web application '/lab4'
Jun 01, 2013 7:50:50 PM org.apache.catalina.core.ApplicationContext log
INFO: Manager: list: Listing contexts for virtual host 'localhost'
Jun 01, 2013 7:50:50 PM org.apache.catalina.core.ApplicationContext log
INFO: Manager: restart: Reloading web application '/lab4'
Jun 01, 2013 7:50:59 PM org.apache.catalina.core.ApplicationContext log
INFO: Manager: list: Listing contexts for virtual host 'localhost'
Jun 01, 2013 7:50:59 PM org.apache.catalina.core.ApplicationContext log
INFO: Manager: restart: Reloading web application '/lab4'
Jun 01, 2013 7:51:47 PM org.apache.catalina.core.ApplicationContext log
INFO: Manager: list: Listing contexts for virtual host 'localhost'
Jun 01, 2013 7:51:47 PM org.apache.catalina.core.ApplicationContext log
INFO: Manager: list: Listing contexts for virtual host 'localhost'
Jun 01, 2013 7:51:47 PM org.apache.catalina.core.ApplicationContext log
INFO: Manager: undeploy: Undeploying web application at '/lab4'
Jun 01, 2013 7:51:48 PM org.apache.catalina.core.ApplicationContext log
INFO: Manager: install: Installing context configuration at 'file:/var/folders/rj/1q9yy9w52_17h1g4j1vt3kb80000gn/T/context7032791021676889178.xml'
Jun 01, 2013 7:51:51 PM org.apache.catalina.core.ApplicationContext log
INFO: Manager: start: Starting web application '/lab4'
Jun 01, 2013 8:03:20 PM org.apache.catalina.core.ApplicationContext log
INFO: Manager: list: Listing contexts for virtual host 'localhost'
Jun 01, 2013 8:03:20 PM org.apache.catalina.core.ApplicationContext log
INFO: Manager: restart: Reloading web application '/lab4'
